0 verbose cli /usr/local/bin/node /usr/local/bin/npm
1 info using npm@11.6.2
2 info using node@v24.11.1
3 silly config load:file:/usr/local/lib/node_modules/npm/npmrc
4 silly config load:file:/Users/derin/vibe-library/.npmrc
5 silly config load:file:/Users/derin/.npmrc
6 silly config load:file:/usr/local/etc/npmrc
7 verbose title npm install @react-three/postprocessing postprocessing
8 verbose argv "install" "@react-three/postprocessing" "postprocessing" "--cache" "./.npm-cache"
9 verbose logfile logs-max:10 dir:/Users/derin/vibe-library/.npm-cache/_logs/2026-01-08T10_54_30_029Z-
10 verbose logfile /Users/derin/vibe-library/.npm-cache/_logs/2026-01-08T10_54_30_029Z-debug-0.log
11 silly logfile done cleaning log files
12 silly packumentCache heap:4496293888 maxSize:1124073472 maxEntrySize:562036736
13 silly idealTree buildDeps
14 silly fetch manifest @react-three/postprocessing@*
15 silly packumentCache full:https://registry.npmjs.org/@react-three%2fpostprocessing cache-miss
16 http fetch GET 200 https://registry.npmjs.org/@react-three%2fpostprocessing 1113ms (cache miss)
17 silly packumentCache full:https://registry.npmjs.org/@react-three%2fpostprocessing set size:undefined disposed:false
18 silly fetch manifest @react-three/fiber@^9.5.0
19 silly packumentCache full:https://registry.npmjs.org/@react-three%2ffiber cache-miss
20 http fetch GET 200 https://registry.npmjs.org/@react-three%2ffiber 985ms (cache revalidated)
21 silly packumentCache full:https://registry.npmjs.org/@react-three%2ffiber set size:1082271 disposed:false
22 silly fetch manifest expo@>=43.0
23 silly packumentCache full:https://registry.npmjs.org/expo cache-miss
24 http fetch GET 200 https://registry.npmjs.org/expo 41ms (cache revalidated)
25 silly packumentCache full:https://registry.npmjs.org/expo set size:3430941 disposed:false
26 silly fetch manifest @expo/dom-webview@*
27 silly packumentCache full:https://registry.npmjs.org/@expo%2fdom-webview cache-miss
28 http fetch GET 200 https://registry.npmjs.org/@expo%2fdom-webview 42ms (cache revalidated)
29 silly packumentCache full:https://registry.npmjs.org/@expo%2fdom-webview set size:286125 disposed:false
30 silly fetch manifest react@19.2.3
31 silly packumentCache full:https://registry.npmjs.org/react cache-miss
32 http fetch GET 200 https://registry.npmjs.org/react 44ms (cache revalidated)
33 silly packumentCache full:https://registry.npmjs.org/react set size:6366570 disposed:false
34 silly fetch manifest react-native@*
35 silly packumentCache full:https://registry.npmjs.org/react-native cache-miss
36 http fetch GET 200 https://registry.npmjs.org/react-native 58ms (cache revalidated)
37 silly packumentCache full:https://registry.npmjs.org/react-native set size:14625801 disposed:false
38 silly fetch manifest @types/react@^19
39 silly packumentCache full:https://registry.npmjs.org/@types%2freact cache-miss
40 http fetch GET 200 https://registry.npmjs.org/@types%2freact 41ms (cache revalidated)
41 silly packumentCache full:https://registry.npmjs.org/@types%2freact set size:2541992 disposed:false
42 silly fetch manifest @expo/metro-runtime@*
43 silly packumentCache full:https://registry.npmjs.org/@expo%2fmetro-runtime cache-miss
44 http fetch GET 200 https://registry.npmjs.org/@expo%2fmetro-runtime 47ms (cache revalidated)
45 silly packumentCache full:https://registry.npmjs.org/@expo%2fmetro-runtime set size:541648 disposed:false
46 silly fetch manifest react-dom@19.2.3
47 silly packumentCache full:https://registry.npmjs.org/react-dom cache-miss
48 http fetch GET 200 https://registry.npmjs.org/react-dom 39ms (cache revalidated)
49 silly packumentCache full:https://registry.npmjs.org/react-dom set size:8382055 disposed:false
50 silly fetch manifest react-native-webview@*
51 silly packumentCache full:https://registry.npmjs.org/react-native-webview cache-miss
52 http fetch GET 200 https://registry.npmjs.org/react-native-webview 38ms (cache revalidated)
53 silly packumentCache full:https://registry.npmjs.org/react-native-webview set size:1350913 disposed:false
54 silly fetch manifest expo-asset@>=8.4
55 silly packumentCache full:https://registry.npmjs.org/expo-asset cache-miss
56 http fetch GET 200 https://registry.npmjs.org/expo-asset 33ms (cache revalidated)
57 silly packumentCache full:https://registry.npmjs.org/expo-asset set size:827346 disposed:false
58 silly fetch manifest expo-file-system@>=11.0
59 silly packumentCache full:https://registry.npmjs.org/expo-file-system cache-miss
60 http fetch GET 200 https://registry.npmjs.org/expo-file-system 36ms (cache revalidated)
61 silly packumentCache full:https://registry.npmjs.org/expo-file-system set size:872513 disposed:false
62 silly fetch manifest expo-gl@>=11.0
63 silly packumentCache full:https://registry.npmjs.org/expo-gl cache-miss
64 http fetch GET 200 https://registry.npmjs.org/expo-gl 239ms (cache revalidated)
65 silly packumentCache full:https://registry.npmjs.org/expo-gl set size:773036 disposed:false
66 silly fetch manifest react-native-reanimated@*
67 silly packumentCache full:https://registry.npmjs.org/react-native-reanimated cache-miss
68 http fetch GET 200 https://registry.npmjs.org/react-native-reanimated 49ms (cache revalidated)
69 silly packumentCache full:https://registry.npmjs.org/react-native-reanimated set size:10240769 disposed:false
70 silly fetch manifest react-native-worklets@>=0.7.0
71 silly packumentCache full:https://registry.npmjs.org/react-native-worklets cache-miss
72 http fetch GET 200 https://registry.npmjs.org/react-native-worklets 37ms (cache revalidated)
73 silly packumentCache full:https://registry.npmjs.org/react-native-worklets set size:1894828 disposed:false
74 silly fetch manifest @babel/core@*
75 silly packumentCache full:https://registry.npmjs.org/@babel%2fcore cache-miss
76 http fetch GET 200 https://registry.npmjs.org/@babel%2fcore 43ms (cache revalidated)
77 silly packumentCache full:https://registry.npmjs.org/@babel%2fcore set size:738278 disposed:false
78 silly fetch manifest react-native-web@*
79 silly packumentCache full:https://registry.npmjs.org/react-native-web cache-miss
80 http fetch GET 200 https://registry.npmjs.org/react-native-web 31ms (cache revalidated)
81 silly packumentCache full:https://registry.npmjs.org/react-native-web set size:1090363 disposed:false
82 silly fetch manifest three@^0.182.0
83 silly packumentCache full:https://registry.npmjs.org/three cache-miss
84 http fetch GET 200 https://registry.npmjs.org/three 34ms (cache revalidated)
85 silly packumentCache full:https://registry.npmjs.org/three set size:910018 disposed:false
86 silly fetch manifest postprocessing@*
87 silly packumentCache full:https://registry.npmjs.org/postprocessing cache-miss
88 http fetch GET 200 https://registry.npmjs.org/postprocessing 248ms (cache miss)
89 silly packumentCache full:https://registry.npmjs.org/postprocessing set size:undefined disposed:false
90 silly placeDep ROOT @react-three/postprocessing@3.0.4 OK for: vibe-library@0.1.0 want: *
91 silly placeDep ROOT postprocessing@6.38.2 OK for: vibe-library@0.1.0 want: *
92 silly fetch manifest maath@^0.6.0
93 silly packumentCache full:https://registry.npmjs.org/maath cache-miss
94 silly fetch manifest n8ao@^1.9.4
95 silly packumentCache full:https://registry.npmjs.org/n8ao cache-miss
96 silly fetch manifest postprocessing@^6.36.6
97 silly packumentCache full:https://registry.npmjs.org/postprocessing cache-miss
98 http cache https://registry.npmjs.org/postprocessing 5ms (cache hit)
99 silly packumentCache full:https://registry.npmjs.org/postprocessing set size:864453 disposed:false
100 http fetch GET 200 https://registry.npmjs.org/n8ao 267ms (cache miss)
101 silly packumentCache full:https://registry.npmjs.org/n8ao set size:undefined disposed:false
102 http fetch GET 200 https://registry.npmjs.org/maath 276ms (cache revalidated)
103 silly packumentCache full:https://registry.npmjs.org/maath set size:87399 disposed:false
104 silly fetch manifest @types/three@>=0.144.0
105 silly packumentCache full:https://registry.npmjs.org/@types%2fthree cache-miss
106 http fetch GET 200 https://registry.npmjs.org/@types%2fthree 474ms (cache revalidated)
107 silly packumentCache full:https://registry.npmjs.org/@types%2fthree set size:632101 disposed:false
108 silly fetch manifest three@>= 0.156.0
109 silly packumentCache full:https://registry.npmjs.org/three cache-hit
110 silly placeDep node_modules/@react-three/postprocessing maath@0.6.0 OK for: @react-three/postprocessing@3.0.4 want: ^0.6.0
111 silly placeDep ROOT n8ao@1.10.1 OK for: @react-three/postprocessing@3.0.4 want: ^1.9.4
112 silly reify moves {}
113 silly audit bulk request {
113 silly audit   '@babel/code-frame': [ '7.27.1' ],
113 silly audit   '@babel/compat-data': [ '7.28.5' ],
113 silly audit   '@babel/core': [ '7.28.5' ],
113 silly audit   '@babel/generator': [ '7.28.5' ],
113 silly audit   '@babel/helper-compilation-targets': [ '7.27.2' ],
113 silly audit   '@babel/helper-globals': [ '7.28.0' ],
113 silly audit   '@babel/helper-module-imports': [ '7.27.1' ],
113 silly audit   '@babel/helper-module-transforms': [ '7.28.3' ],
113 silly audit   '@babel/helper-string-parser': [ '7.27.1' ],
113 silly audit   '@babel/helper-validator-identifier': [ '7.28.5' ],
113 silly audit   '@babel/helper-validator-option': [ '7.27.1' ],
113 silly audit   '@babel/helpers': [ '7.28.4' ],
113 silly audit   '@babel/parser': [ '7.28.5' ],
113 silly audit   '@babel/runtime': [ '7.28.4' ],
113 silly audit   '@babel/template': [ '7.27.2' ],
113 silly audit   '@babel/traverse': [ '7.28.5' ],
113 silly audit   '@babel/types': [ '7.28.5' ],
113 silly audit   '@dimforge/rapier3d-compat': [ '0.12.0' ],
113 silly audit   '@emnapi/core': [ '1.8.1' ],
113 silly audit   '@emnapi/runtime': [ '1.8.1' ],
113 silly audit   '@emnapi/wasi-threads': [ '1.1.0' ],
113 silly audit   '@eslint-community/eslint-utils': [ '4.9.1' ],
113 silly audit   'eslint-visitor-keys': [ '3.4.3', '4.2.1' ],
113 silly audit   '@eslint-community/regexpp': [ '4.12.2' ],
113 silly audit   '@eslint/config-array': [ '0.21.1' ],
113 silly audit   '@eslint/config-helpers': [ '0.4.2' ],
113 silly audit   '@eslint/core': [ '0.17.0' ],
113 silly audit   '@eslint/eslintrc': [ '3.3.3' ],
113 silly audit   '@eslint/js': [ '9.39.2' ],
113 silly audit   '@eslint/object-schema': [ '2.1.7' ],
113 silly audit   '@eslint/plugin-kit': [ '0.4.1' ],
113 silly audit   '@gsap/react': [ '2.1.2' ],
113 silly audit   '@humanfs/core': [ '0.19.1' ],
113 silly audit   '@humanfs/node': [ '0.16.7' ],
113 silly audit   '@humanwhocodes/module-importer': [ '1.0.1' ],
113 silly audit   '@humanwhocodes/retry': [ '0.4.3' ],
113 silly audit   '@img/colour': [ '1.0.0' ],
113 silly audit   '@img/sharp-darwin-arm64': [ '0.34.5' ],
113 silly audit   '@img/sharp-darwin-x64': [ '0.34.5' ],
113 silly audit   '@img/sharp-libvips-darwin-arm64': [ '1.2.4' ],
113 silly audit   '@img/sharp-libvips-darwin-x64': [ '1.2.4' ],
113 silly audit   '@img/sharp-libvips-linux-arm': [ '1.2.4' ],
113 silly audit   '@img/sharp-libvips-linux-arm64': [ '1.2.4' ],
113 silly audit   '@img/sharp-libvips-linux-ppc64': [ '1.2.4' ],
113 silly audit   '@img/sharp-libvips-linux-riscv64': [ '1.2.4' ],
113 silly audit   '@img/sharp-libvips-linux-s390x': [ '1.2.4' ],
113 silly audit   '@img/sharp-libvips-linux-x64': [ '1.2.4' ],
113 silly audit   '@img/sharp-libvips-linuxmusl-arm64': [ '1.2.4' ],
113 silly audit   '@img/sharp-libvips-linuxmusl-x64': [ '1.2.4' ],
113 silly audit   '@img/sharp-linux-arm': [ '0.34.5' ],
113 silly audit   '@img/sharp-linux-arm64': [ '0.34.5' ],
113 silly audit   '@img/sharp-linux-ppc64': [ '0.34.5' ],
113 silly audit   '@img/sharp-linux-riscv64': [ '0.34.5' ],
113 silly audit   '@img/sharp-linux-s390x': [ '0.34.5' ],
113 silly audit   '@img/sharp-linux-x64': [ '0.34.5' ],
113 silly audit   '@img/sharp-linuxmusl-arm64': [ '0.34.5' ],
113 silly audit   '@img/sharp-linuxmusl-x64': [ '0.34.5' ],
113 silly audit   '@img/sharp-wasm32': [ '0.34.5' ],
113 silly audit   '@img/sharp-win32-arm64': [ '0.34.5' ],
113 silly audit   '@img/sharp-win32-ia32': [ '0.34.5' ],
113 silly audit   '@img/sharp-win32-x64': [ '0.34.5' ],
113 silly audit   '@jridgewell/gen-mapping': [ '0.3.13' ],
113 silly audit   '@jridgewell/remapping': [ '2.3.5' ],
113 silly audit   '@jridgewell/resolve-uri': [ '3.1.2' ],
113 silly audit   '@jridgewell/sourcemap-codec': [ '1.5.5' ],
113 silly audit   '@jridgewell/trace-mapping': [ '0.3.31' ],
113 silly audit   '@mediapipe/tasks-vision': [ '0.10.17' ],
113 silly audit   '@monogrid/gainmap-js': [ '3.4.0' ],
113 silly audit   '@napi-rs/wasm-runtime': [ '0.2.12' ],
113 silly audit   '@next/env': [ '16.1.1' ],
113 silly audit   '@next/eslint-plugin-next': [ '16.1.1' ],
113 silly audit   '@next/swc-darwin-arm64': [ '16.1.1' ],
113 silly audit   '@next/swc-darwin-x64': [ '16.1.1' ],
113 silly audit   '@next/swc-linux-arm64-gnu': [ '16.1.1' ],
113 silly audit   '@next/swc-linux-arm64-musl': [ '16.1.1' ],
113 silly audit   '@next/swc-linux-x64-gnu': [ '16.1.1' ],
113 silly audit   '@next/swc-linux-x64-musl': [ '16.1.1' ],
113 silly audit   '@next/swc-win32-arm64-msvc': [ '16.1.1' ],
113 silly audit   '@next/swc-win32-x64-msvc': [ '16.1.1' ],
113 silly audit   '@nodelib/fs.scandir': [ '2.1.5' ],
113 silly audit   '@nodelib/fs.stat': [ '2.0.5' ],
113 silly audit   '@nodelib/fs.walk': [ '1.2.8' ],
113 silly audit   '@nolyfill/is-core-module': [ '1.0.39' ],
113 silly audit   '@react-three/drei': [ '10.7.7' ],
113 silly audit   '@react-three/fiber': [ '9.5.0' ],
113 silly audit   '@rtsao/scc': [ '1.1.0' ],
113 silly audit   '@swc/helpers': [ '0.5.15' ],
113 silly audit   '@tweenjs/tween.js': [ '23.1.3' ],
113 silly audit   '@tybys/wasm-util': [ '0.10.1' ],
113 silly audit   '@types/draco3d': [ '1.4.10' ],
113 silly audit   '@types/estree': [ '1.0.8' ],
113 silly audit   '@types/json-schema': [ '7.0.15' ],
113 silly audit   '@types/json5': [ '0.0.29' ],
113 silly audit   '@types/node': [ '20.19.27' ],
113 silly audit   '@types/offscreencanvas': [ '2019.7.3' ],
113 silly audit   '@types/react': [ '19.2.7' ],
113 silly audit   '@types/react-dom': [ '19.2.3' ],
113 silly audit   '@types/react-reconciler': [ '0.28.9' ],
113 silly audit   '@types/stats.js': [ '0.17.4' ],
113 silly audit   '@types/three': [ '0.182.0' ],
113 silly audit   '@types/webxr': [ '0.5.24' ],
113 silly audit   '@typescript-eslint/eslint-plugin': [ '8.51.0' ],
113 silly audit   ignore: [ '7.0.5', '5.3.2' ],
113 silly audit   '@typescript-eslint/parser': [ '8.51.0' ],
113 silly audit   '@typescript-eslint/project-service': [ '8.51.0' ],
113 silly audit   '@typescript-eslint/scope-manager': [ '8.51.0' ],
113 silly audit   '@typescript-eslint/tsconfig-utils': [ '8.51.0' ],
113 silly audit   '@typescript-eslint/type-utils': [ '8.51.0' ],
113 silly audit   '@typescript-eslint/types': [ '8.51.0' ],
113 silly audit   '@typescript-eslint/typescript-estree': [ '8.51.0' ],
113 silly audit   'brace-expansion': [ '2.0.2', '1.1.12' ],
113 silly audit   minimatch: [ '9.0.5', '3.1.2' ],
113 silly audit   semver: [ '7.7.3', '6.3.1' ],
113 silly audit   '@typescript-eslint/utils': [ '8.51.0' ],
113 silly audit   '@typescript-eslint/visitor-keys': [ '8.51.0' ],
113 silly audit   '@unrs/resolver-binding-android-arm-eabi': [ '1.11.1' ],
113 silly audit   '@unrs/resolver-binding-android-arm64': [ '1.11.1' ],
113 silly audit   '@unrs/resolver-binding-darwin-arm64': [ '1.11.1' ],
113 silly audit   '@unrs/resolver-binding-darwin-x64': [ '1.11.1' ],
113 silly audit   '@unrs/resolver-binding-freebsd-x64': [ '1.11.1' ],
113 silly audit   '@unrs/resolver-binding-linux-arm-gnueabihf': [ '1.11.1' ],
113 silly audit   '@unrs/resolver-binding-linux-arm-musleabihf': [ '1.11.1' ],
113 silly audit   '@unrs/resolver-binding-linux-arm64-gnu': [ '1.11.1' ],
113 silly audit   '@unrs/resolver-binding-linux-arm64-musl': [ '1.11.1' ],
113 silly audit   '@unrs/resolver-binding-linux-ppc64-gnu': [ '1.11.1' ],
113 silly audit   '@unrs/resolver-binding-linux-riscv64-gnu': [ '1.11.1' ],
113 silly audit   '@unrs/resolver-binding-linux-riscv64-musl': [ '1.11.1' ],
113 silly audit   '@unrs/resolver-binding-linux-s390x-gnu': [ '1.11.1' ],
113 silly audit   '@unrs/resolver-binding-linux-x64-gnu': [ '1.11.1' ],
113 silly audit   '@unrs/resolver-binding-linux-x64-musl': [ '1.11.1' ],
113 silly audit   '@unrs/resolver-binding-wasm32-wasi': [ '1.11.1' ],
113 silly audit   '@unrs/resolver-binding-win32-arm64-msvc': [ '1.11.1' ],
113 silly audit   '@unrs/resolver-binding-win32-ia32-msvc': [ '1.11.1' ],
113 silly audit   '@unrs/resolver-binding-win32-x64-msvc': [ '1.11.1' ],
113 silly audit   '@use-gesture/core': [ '10.3.1' ],
113 silly audit   '@use-gesture/react': [ '10.3.1' ],
113 silly audit   '@webgpu/types': [ '0.1.68' ],
113 silly audit   acorn: [ '8.15.0' ],
113 silly audit   'acorn-jsx': [ '5.3.2' ],
113 silly audit   ajv: [ '6.12.6' ],
113 silly audit   'ansi-styles': [ '4.3.0' ],
113 silly audit   argparse: [ '2.0.1' ],
113 silly audit   'aria-query': [ '5.3.2' ],
113 silly audit   'array-buffer-byte-length': [ '1.0.2' ],
113 silly audit   'array-includes': [ '3.1.9' ],
113 silly audit   'array.prototype.findlast': [ '1.2.5' ],
113 silly audit   'array.prototype.findlastindex': [ '1.2.6' ],
113 silly audit   'array.prototype.flat': [ '1.3.3' ],
113 silly audit   'array.prototype.flatmap': [ '1.3.3' ],
113 silly audit   'array.prototype.tosorted': [ '1.1.4' ],
113 silly audit   'arraybuffer.prototype.slice': [ '1.0.4' ],
113 silly audit   'ast-types-flow': [ '0.0.8' ],
113 silly audit   'async-function': [ '1.0.0' ],
113 silly audit   'available-typed-arrays': [ '1.0.7' ],
113 silly audit   'axe-core': [ '4.11.0' ],
113 silly audit   'axobject-query': [ '4.1.0' ],
113 silly audit   'babel-plugin-react-compiler': [ '1.0.0' ],
113 silly audit   'balanced-match': [ '1.0.2' ],
113 silly audit   'base64-js': [ '1.5.1' ],
113 silly audit   'baseline-browser-mapping': [ '2.9.11' ],
113 silly audit   'bidi-js': [ '1.0.3' ],
113 silly audit   braces: [ '3.0.3' ],
113 silly audit   browserslist: [ '4.28.1' ],
113 silly audit   buffer: [ '6.0.3' ],
113 silly audit   'call-bind': [ '1.0.8' ],
113 silly audit   'call-bind-apply-helpers': [ '1.0.2' ],
113 silly audit   'call-bound': [ '1.0.4' ],
113 silly audit   callsites: [ '3.1.0' ],
113 silly audit   'camera-controls': [ '3.1.2' ],
113 silly audit   'caniuse-lite': [ '1.0.30001762' ],
113 silly audit   chalk: [ '4.1.2' ],
113 silly audit   'client-only': [ '0.0.1' ],
113 silly audit   clsx: [ '2.1.1' ],
113 silly audit   'color-convert': [ '2.0.1' ],
113 silly audit   'color-name': [ '1.1.4' ],
113 silly audit   'concat-map': [ '0.0.1' ],
113 silly audit   'convert-source-map': [ '2.0.0' ],
113 silly audit   'cross-env': [ '7.0.3' ],
113 silly audit   'cross-spawn': [ '7.0.6' ],
113 silly audit   csstype: [ '3.2.3' ],
113 silly audit   'damerau-levenshtein': [ '1.0.8' ],
113 silly audit   'data-view-buffer': [ '1.0.2' ],
113 silly audit   'data-view-byte-length': [ '1.0.2' ],
113 silly audit   'data-view-byte-offset': [ '1.0.1' ],
113 silly audit   debug: [ '4.4.3', '3.2.7' ],
113 silly audit   'deep-is': [ '0.1.4' ],
113 silly audit   'define-data-property': [ '1.1.4' ],
113 silly audit   'define-properties': [ '1.2.1' ],
113 silly audit   'detect-gpu': [ '5.0.70' ],
113 silly audit   'detect-libc': [ '2.1.2' ],
113 silly audit   doctrine: [ '2.1.0' ],
113 silly audit   draco3d: [ '1.5.7' ],
113 silly audit   'dunder-proto': [ '1.0.1' ],
113 silly audit   'electron-to-chromium': [ '1.5.267' ],
113 silly audit   'emoji-regex': [ '9.2.2' ],
113 silly audit   'es-abstract': [ '1.24.1' ],
113 silly audit   'es-define-property': [ '1.0.1' ],
113 silly audit   'es-errors': [ '1.3.0' ],
113 silly audit   'es-iterator-helpers': [ '1.2.2' ],
113 silly audit   'es-object-atoms': [ '1.1.1' ],
113 silly audit   'es-set-tostringtag': [ '2.1.0' ],
113 silly audit   'es-shim-unscopables': [ '1.1.0' ],
113 silly audit   'es-to-primitive': [ '1.3.0' ],
113 silly audit   escalade: [ '3.2.0' ],
113 silly audit   'escape-string-regexp': [ '4.0.0' ],
113 silly audit   eslint: [ '9.39.2' ],
113 silly audit   'eslint-config-next': [ '16.1.1' ],
113 silly audit   globals: [ '16.4.0', '14.0.0' ],
113 silly audit   'eslint-import-resolver-node': [ '0.3.9' ],
113 silly audit   'eslint-import-resolver-typescript': [ '3.10.1' ],
113 silly audit   'eslint-module-utils': [ '2.12.1' ],
113 silly audit   'eslint-plugin-import': [ '2.32.0' ],
113 silly audit   'eslint-plugin-jsx-a11y': [ '6.10.2' ],
113 silly audit   'eslint-plugin-react': [ '7.37.5' ],
113 silly audit   'eslint-plugin-react-hooks': [ '7.0.1' ],
113 silly audit   resolve: [ '2.0.0-next.5', '1.22.11' ],
113 silly audit   'eslint-scope': [ '8.4.0' ],
113 silly audit   espree: [ '10.4.0' ],
113 silly audit   esquery: [ '1.7.0' ],
113 silly audit   esrecurse: [ '4.3.0' ],
113 silly audit   estraverse: [ '5.3.0' ],
113 silly audit   esutils: [ '2.0.3' ],
113 silly audit   'fast-deep-equal': [ '3.1.3' ],
113 silly audit   'fast-glob': [ '3.3.1' ],
113 silly audit   'glob-parent': [ '5.1.2', '6.0.2' ],
113 silly audit   'fast-json-stable-stringify': [ '2.1.0' ],
113 silly audit   'fast-levenshtein': [ '2.0.6' ],
113 silly audit   fastq: [ '1.20.1' ],
113 silly audit   fflate: [ '0.8.2', '0.6.10' ],
113 silly audit   'file-entry-cache': [ '8.0.0' ],
113 silly audit   'fill-range': [ '7.1.1' ],
113 silly audit   'find-up': [ '5.0.0' ],
113 silly audit   'flat-cache': [ '4.0.1' ],
113 silly audit   flatted: [ '3.3.3' ],
113 silly audit   'for-each': [ '0.3.5' ],
113 silly audit   'framer-motion': [ '12.24.0' ],
113 silly audit   'function-bind': [ '1.1.2' ],
113 silly audit   'function.prototype.name': [ '1.1.8' ],
113 silly audit   'functions-have-names': [ '1.2.3' ],
113 silly audit   'generator-function': [ '2.0.1' ],
113 silly audit   gensync: [ '1.0.0-beta.2' ],
113 silly audit   'get-intrinsic': [ '1.3.0' ],
113 silly audit   'get-proto': [ '1.0.1' ],
113 silly audit   'get-symbol-description': [ '1.1.0' ],
113 silly audit   'get-tsconfig': [ '4.13.0' ],
113 silly audit   globalthis: [ '1.0.4' ],
113 silly audit   'glsl-noise': [ '0.0.0' ],
113 silly audit   gopd: [ '1.2.0' ],
113 silly audit   gsap: [ '3.14.2' ],
113 silly audit   'has-bigints': [ '1.1.0' ],
113 silly audit   'has-flag': [ '4.0.0' ],
113 silly audit   'has-property-descriptors': [ '1.0.2' ],
113 silly audit   'has-proto': [ '1.2.0' ],
113 silly audit   'has-symbols': [ '1.1.0' ],
113 silly audit   'has-tostringtag': [ '1.0.2' ],
113 silly audit   hasown: [ '2.0.2' ],
113 silly audit   'hermes-estree': [ '0.25.1' ],
113 silly audit   'hermes-parser': [ '0.25.1' ],
113 silly audit   'hls.js': [ '1.6.15' ],
113 silly audit   ieee754: [ '1.2.1' ],
113 silly audit   immediate: [ '3.0.6' ],
113 silly audit   'import-fresh': [ '3.3.1' ],
113 silly audit   imurmurhash: [ '0.1.4' ],
113 silly audit   'internal-slot': [ '1.1.0' ],
113 silly audit   'is-array-buffer': [ '3.0.5' ],
113 silly audit   'is-async-function': [ '2.1.1' ],
113 silly audit   'is-bigint': [ '1.1.0' ],
113 silly audit   'is-boolean-object': [ '1.2.2' ],
113 silly audit   'is-bun-module': [ '2.0.0' ],
113 silly audit   'is-callable': [ '1.2.7' ],
113 silly audit   'is-core-module': [ '2.16.1' ],
113 silly audit   'is-data-view': [ '1.0.2' ],
113 silly audit   'is-date-object': [ '1.1.0' ],
113 silly audit   'is-extglob': [ '2.1.1' ],
113 silly audit   'is-finalizationregistry': [ '1.1.1' ],
113 silly audit   'is-generator-function': [ '1.1.2' ],
113 silly audit   'is-glob': [ '4.0.3' ],
113 silly audit   'is-map': [ '2.0.3' ],
113 silly audit   'is-negative-zero': [ '2.0.3' ],
113 silly audit   'is-number': [ '7.0.0' ],
113 silly audit   'is-number-object': [ '1.1.1' ],
113 silly audit   'is-promise': [ '2.2.2' ],
113 silly audit   'is-regex': [ '1.2.1' ],
113 silly audit   'is-set': [ '2.0.3' ],
113 silly audit   'is-shared-array-buffer': [ '1.0.4' ],
113 silly audit   'is-string': [ '1.1.1' ],
113 silly audit   'is-symbol': [ '1.1.1' ],
113 silly audit   'is-typed-array': [ '1.1.15' ],
113 silly audit   'is-weakmap': [ '2.0.2' ],
113 silly audit   'is-weakref': [ '1.1.1' ],
113 silly audit   'is-weakset': [ '2.0.4' ],
113 silly audit   isarray: [ '2.0.5' ],
113 silly audit   isexe: [ '2.0.0' ],
113 silly audit   'iterator.prototype': [ '1.1.5' ],
113 silly audit   'its-fine': [ '2.0.0' ],
113 silly audit   'js-tokens': [ '4.0.0' ],
113 silly audit   'js-yaml': [ '4.1.1' ],
113 silly audit   jsesc: [ '3.1.0' ],
113 silly audit   'json-buffer': [ '3.0.1' ],
113 silly audit   'json-schema-traverse': [ '0.4.1' ],
113 silly audit   'json-stable-stringify-without-jsonify': [ '1.0.1' ],
113 silly audit   json5: [ '2.2.3', '1.0.2' ],
113 silly audit   'jsx-ast-utils': [ '3.3.5' ],
113 silly audit   keyv: [ '4.5.4' ],
113 silly audit   'language-subtag-registry': [ '0.3.23' ],
113 silly audit   'language-tags': [ '1.0.9' ],
113 silly audit   levn: [ '0.4.1' ],
113 silly audit   lie: [ '3.3.0' ],
113 silly audit   'locate-path': [ '6.0.0' ],
113 silly audit   'lodash.merge': [ '4.6.2' ],
113 silly audit   'loose-envify': [ '1.4.0' ],
113 silly audit   'lru-cache': [ '5.1.1' ],
113 silly audit   maath: [ '0.10.8', '0.6.0' ],
113 silly audit   'math-intrinsics': [ '1.1.0' ],
113 silly audit   merge2: [ '1.4.1' ],
113 silly audit   meshline: [ '3.3.1' ],
113 silly audit   meshoptimizer: [ '0.22.0' ],
113 silly audit   micromatch: [ '4.0.8' ],
113 silly audit   minimist: [ '1.2.8' ],
113 silly audit   motion: [ '12.24.0' ],
113 silly audit   'motion-dom': [ '12.24.0' ],
113 silly audit   'motion-utils': [ '12.23.28' ],
113 silly audit   ms: [ '2.1.3' ],
113 silly audit   nanoid: [ '3.3.11' ],
113 silly audit   'napi-postinstall': [ '0.3.4' ],
113 silly audit   'natural-compare': [ '1.4.0' ],
113 silly audit   next: [ '16.1.1' ],
113 silly audit   'node-releases': [ '2.0.27' ],
113 silly audit   'object-assign': [ '4.1.1' ],
113 silly audit   'object-inspect': [ '1.13.4' ],
113 silly audit   'object-keys': [ '1.1.1' ],
113 silly audit   'object.assign': [ '4.1.7' ],
113 silly audit   'object.entries': [ '1.1.9' ],
113 silly audit   'object.fromentries': [ '2.0.8' ],
113 silly audit   'object.groupby': [ '1.0.3' ],
113 silly audit   'object.values': [ '1.2.1' ],
113 silly audit   optionator: [ '0.9.4' ],
113 silly audit   'own-keys': [ '1.0.1' ],
113 silly audit   'p-limit': [ '3.1.0' ],
113 silly audit   'p-locate': [ '5.0.0' ],
113 silly audit   'parent-module': [ '1.0.1' ],
113 silly audit   'path-exists': [ '4.0.0' ],
113 silly audit   'path-key': [ '3.1.1' ],
113 silly audit   'path-parse': [ '1.0.7' ],
113 silly audit   picocolors: [ '1.1.1' ],
113 silly audit   picomatch: [ '2.3.1', '4.0.3' ],
113 silly audit   'possible-typed-array-names': [ '1.1.0' ],
113 silly audit   postcss: [ '8.4.31' ],
113 silly audit   potpack: [ '1.0.2' ],
113 silly audit   'prelude-ls': [ '1.2.1' ],
113 silly audit   'promise-worker-transferable': [ '1.0.4' ],
113 silly audit   'prop-types': [ '15.8.1' ],
113 silly audit   punycode: [ '2.3.1' ],
113 silly audit   'queue-microtask': [ '1.2.3' ],
113 silly audit   react: [ '19.2.3' ],
113 silly audit   'react-dom': [ '19.2.3' ],
113 silly audit   'react-is': [ '16.13.1' ],
113 silly audit   'react-use-measure': [ '2.1.7' ],
113 silly audit   'reflect.getprototypeof': [ '1.0.10' ],
113 silly audit   'regexp.prototype.flags': [ '1.5.4' ],
113 silly audit   'require-from-string': [ '2.0.2' ],
113 silly audit   'resolve-from': [ '4.0.0' ],
113 silly audit   'resolve-pkg-maps': [ '1.0.0' ],
113 silly audit   reusify: [ '1.1.0' ],
113 silly audit   'run-parallel': [ '1.2.0' ],
113 silly audit   'safe-array-concat': [ '1.1.3' ],
113 silly audit   'safe-push-apply': [ '1.0.0' ],
113 silly audit   'safe-regex-test': [ '1.1.0' ],
113 silly audit   scheduler: [ '0.27.0' ],
113 silly audit   'set-function-length': [ '1.2.2' ],
113 silly audit   'set-function-name': [ '2.0.2' ],
113 silly audit   'set-proto': [ '1.0.0' ],
113 silly audit   sharp: [ '0.34.5' ],
113 silly audit   'shebang-command': [ '2.0.0' ],
113 silly audit   'shebang-regex': [ '3.0.0' ],
113 silly audit   'side-channel': [ '1.1.0' ],
113 silly audit   'side-channel-list': [ '1.0.0' ],
113 silly audit   'side-channel-map': [ '1.0.1' ],
113 silly audit   'side-channel-weakmap': [ '1.0.2' ],
113 silly audit   'source-map-js': [ '1.2.1' ],
113 silly audit   'stable-hash': [ '0.0.5' ],
113 silly audit   'stats-gl': [ '2.4.2' ],
113 silly audit   three: [ '0.170.0', '0.182.0' ],
113 silly audit   'stats.js': [ '0.17.0' ],
113 silly audit   'stop-iteration-iterator': [ '1.1.0' ],
113 silly audit   'string.prototype.includes': [ '2.0.1' ],
113 silly audit   'string.prototype.matchall': [ '4.0.12' ],
113 silly audit   'string.prototype.repeat': [ '1.0.0' ],
113 silly audit   'string.prototype.trim': [ '1.2.10' ],
113 silly audit   'string.prototype.trimend': [ '1.0.9' ],
113 silly audit   'string.prototype.trimstart': [ '1.0.8' ],
113 silly audit   'strip-bom': [ '3.0.0' ],
113 silly audit   'strip-json-comments': [ '3.1.1' ],
113 silly audit   'styled-jsx': [ '5.1.6' ],
113 silly audit   'supports-color': [ '7.2.0' ],
113 silly audit   'supports-preserve-symlinks-flag': [ '1.0.0' ],
113 silly audit   'suspend-react': [ '0.1.3' ],
113 silly audit   'tailwind-merge': [ '3.4.0' ],
113 silly audit   'three-mesh-bvh': [ '0.8.3' ],
113 silly audit   'three-stdlib': [ '2.36.1' ],
113 silly audit   tinyglobby: [ '0.2.15' ],
113 silly audit   fdir: [ '6.5.0' ],
113 silly audit   'to-regex-range': [ '5.0.1' ],
113 silly audit   'troika-three-text': [ '0.52.4' ],
113 silly audit   'troika-three-utils': [ '0.52.4' ],
113 silly audit   'troika-worker-utils': [ '0.52.0' ],
113 silly audit   'ts-api-utils': [ '2.4.0' ],
113 silly audit   'tsconfig-paths': [ '3.15.0' ],
113 silly audit   tslib: [ '2.8.1' ],
113 silly audit   'tunnel-rat': [ '0.1.2' ],
113 silly audit   zustand: [ '4.5.7', '5.0.9' ],
113 silly audit   'type-check': [ '0.4.0' ],
113 silly audit   'typed-array-buffer': [ '1.0.3' ],
113 silly audit   'typed-array-byte-length': [ '1.0.3' ],
113 silly audit   'typed-array-byte-offset': [ '1.0.4' ],
113 silly audit   'typed-array-length': [ '1.0.7' ],
113 silly audit   typescript: [ '5.9.3' ],
113 silly audit   'typescript-eslint': [ '8.51.0' ],
113 silly audit   'unbox-primitive': [ '1.1.0' ],
113 silly audit   'undici-types': [ '6.21.0' ],
113 silly audit   'unrs-resolver': [ '1.11.1' ],
113 silly audit   'update-browserslist-db': [ '1.2.3' ],
113 silly audit   'uri-js': [ '4.4.1' ],
113 silly audit   'use-sync-external-store': [ '1.6.0' ],
113 silly audit   'utility-types': [ '3.11.0' ],
113 silly audit   'webgl-constants': [ '1.1.1' ],
113 silly audit   'webgl-sdf-generator': [ '1.1.1' ],
113 silly audit   which: [ '2.0.2' ],
113 silly audit   'which-boxed-primitive': [ '1.1.1' ],
113 silly audit   'which-builtin-type': [ '1.2.1' ],
113 silly audit   'which-collection': [ '1.0.2' ],
113 silly audit   'which-typed-array': [ '1.1.19' ],
113 silly audit   'word-wrap': [ '1.2.5' ],
113 silly audit   yallist: [ '3.1.1' ],
113 silly audit   'yocto-queue': [ '0.1.0' ],
113 silly audit   zod: [ '4.3.5' ],
113 silly audit   'zod-validation-error': [ '4.0.2' ],
113 silly audit   '@react-three/postprocessing': [ '3.0.4' ],
113 silly audit   postprocessing: [ '6.38.2' ],
113 silly audit   n8ao: [ '1.10.1' ]
113 silly audit }
114 http cache n8ao@https://registry.npmjs.org/n8ao/-/n8ao-1.10.1.tgz 0ms (cache hit)
115 http cache maath@https://registry.npmjs.org/maath/-/maath-0.6.0.tgz 0ms (cache hit)
116 http cache postprocessing@https://registry.npmjs.org/postprocessing/-/postprocessing-6.38.2.tgz 0ms (cache hit)
117 http cache @react-three/postprocessing@https://registry.npmjs.org/@react-three/postprocessing/-/postprocessing-3.0.4.tgz 0ms (cache hit)
118 silly tarball no local data for n8ao@https://registry.npmjs.org/n8ao/-/n8ao-1.10.1.tgz. Extracting by manifest.
119 silly tarball no local data for postprocessing@https://registry.npmjs.org/postprocessing/-/postprocessing-6.38.2.tgz. Extracting by manifest.
120 silly tarball no local data for @react-three/postprocessing@https://registry.npmjs.org/@react-three/postprocessing/-/postprocessing-3.0.4.tgz. Extracting by manifest.
121 silly tarball no local data for maath@https://registry.npmjs.org/maath/-/maath-0.6.0.tgz. Extracting by manifest.
122 http fetch GET 200 https://registry.npmjs.org/n8ao/-/n8ao-1.10.1.tgz 109ms (cache miss)
123 http fetch GET 200 https://registry.npmjs.org/maath/-/maath-0.6.0.tgz 165ms (cache miss)
124 http fetch GET 200 https://registry.npmjs.org/postprocessing/-/postprocessing-6.38.2.tgz 176ms (cache miss)
125 http fetch POST 200 https://registry.npmjs.org/-/npm/v1/security/advisories/bulk 231ms
126 silly audit report {}
127 http fetch GET 200 https://registry.npmjs.org/@react-three/postprocessing/-/postprocessing-3.0.4.tgz 871ms (cache miss)
128 silly ADD node_modules/n8ao
129 silly ADD node_modules/postprocessing
130 silly ADD node_modules/@react-three/postprocessing
131 silly ADD node_modules/@react-three/postprocessing/node_modules/maath
132 verbose cwd /Users/derin/vibe-library
133 verbose os Darwin 25.1.0
134 verbose node v24.11.1
135 verbose npm  v11.6.2
136 verbose exit 0
137 info ok
