0 verbose cli /usr/local/bin/node /usr/local/bin/npm
1 info using npm@11.6.2
2 info using node@v24.11.1
3 silly config load:file:/usr/local/lib/node_modules/npm/npmrc
4 silly config load:file:/Users/derin/vibe-library/.npmrc
5 silly config load:file:/Users/derin/.npmrc
6 silly config load:file:/usr/local/etc/npmrc
7 verbose title npm install @iconify/react
8 verbose argv "install" "@iconify/react" "--cache" "./.npm-cache"
9 verbose logfile logs-max:10 dir:/Users/derin/vibe-library/.npm-cache/_logs/2026-01-08T18_01_24_989Z-
10 verbose logfile /Users/derin/vibe-library/.npm-cache/_logs/2026-01-08T18_01_24_989Z-debug-0.log
11 silly logfile done cleaning log files
12 silly packumentCache heap:4496293888 maxSize:1124073472 maxEntrySize:562036736
13 silly idealTree buildDeps
14 silly fetch manifest @iconify/react@*
15 silly packumentCache full:https://registry.npmjs.org/@iconify%2freact cache-miss
16 http fetch GET 200 https://registry.npmjs.org/@iconify%2freact 1117ms (cache miss)
17 silly packumentCache full:https://registry.npmjs.org/@iconify%2freact set size:undefined disposed:false
18 silly fetch manifest react@19.2.3
19 silly packumentCache full:https://registry.npmjs.org/react cache-miss
20 http fetch GET 200 https://registry.npmjs.org/react 69ms (cache revalidated)
21 silly packumentCache full:https://registry.npmjs.org/react set size:6366570 disposed:false
22 silly placeDep ROOT @iconify/react@6.0.2 OK for: vibe-library@0.1.0 want: *
23 silly fetch manifest @iconify/types@^2.0.0
24 silly packumentCache full:https://registry.npmjs.org/@iconify%2ftypes cache-miss
25 http fetch GET 200 https://registry.npmjs.org/@iconify%2ftypes 583ms (cache miss)
26 silly packumentCache full:https://registry.npmjs.org/@iconify%2ftypes set size:undefined disposed:false
27 silly placeDep ROOT @iconify/types@2.0.0 OK for: @iconify/react@6.0.2 want: ^2.0.0
28 silly reify moves {}
29 silly audit bulk request {
29 silly audit   '@babel/code-frame': [ '7.27.1' ],
29 silly audit   '@babel/compat-data': [ '7.28.5' ],
29 silly audit   '@babel/core': [ '7.28.5' ],
29 silly audit   '@babel/generator': [ '7.28.5' ],
29 silly audit   '@babel/helper-compilation-targets': [ '7.27.2' ],
29 silly audit   '@babel/helper-globals': [ '7.28.0' ],
29 silly audit   '@babel/helper-module-imports': [ '7.27.1' ],
29 silly audit   '@babel/helper-module-transforms': [ '7.28.3' ],
29 silly audit   '@babel/helper-string-parser': [ '7.27.1' ],
29 silly audit   '@babel/helper-validator-identifier': [ '7.28.5' ],
29 silly audit   '@babel/helper-validator-option': [ '7.27.1' ],
29 silly audit   '@babel/helpers': [ '7.28.4' ],
29 silly audit   '@babel/parser': [ '7.28.5' ],
29 silly audit   '@babel/runtime': [ '7.28.4' ],
29 silly audit   '@babel/template': [ '7.27.2' ],
29 silly audit   '@babel/traverse': [ '7.28.5' ],
29 silly audit   '@babel/types': [ '7.28.5' ],
29 silly audit   '@dimforge/rapier3d-compat': [ '0.12.0' ],
29 silly audit   '@emnapi/core': [ '1.8.1' ],
29 silly audit   '@emnapi/runtime': [ '1.8.1' ],
29 silly audit   '@emnapi/wasi-threads': [ '1.1.0' ],
29 silly audit   '@eslint-community/eslint-utils': [ '4.9.1' ],
29 silly audit   'eslint-visitor-keys': [ '3.4.3', '4.2.1' ],
29 silly audit   '@eslint-community/regexpp': [ '4.12.2' ],
29 silly audit   '@eslint/config-array': [ '0.21.1' ],
29 silly audit   '@eslint/config-helpers': [ '0.4.2' ],
29 silly audit   '@eslint/core': [ '0.17.0' ],
29 silly audit   '@eslint/eslintrc': [ '3.3.3' ],
29 silly audit   '@eslint/js': [ '9.39.2' ],
29 silly audit   '@eslint/object-schema': [ '2.1.7' ],
29 silly audit   '@eslint/plugin-kit': [ '0.4.1' ],
29 silly audit   '@gsap/react': [ '2.1.2' ],
29 silly audit   '@humanfs/core': [ '0.19.1' ],
29 silly audit   '@humanfs/node': [ '0.16.7' ],
29 silly audit   '@humanwhocodes/module-importer': [ '1.0.1' ],
29 silly audit   '@humanwhocodes/retry': [ '0.4.3' ],
29 silly audit   '@img/colour': [ '1.0.0' ],
29 silly audit   '@img/sharp-darwin-arm64': [ '0.34.5' ],
29 silly audit   '@img/sharp-darwin-x64': [ '0.34.5' ],
29 silly audit   '@img/sharp-libvips-darwin-arm64': [ '1.2.4' ],
29 silly audit   '@img/sharp-libvips-darwin-x64': [ '1.2.4' ],
29 silly audit   '@img/sharp-libvips-linux-arm': [ '1.2.4' ],
29 silly audit   '@img/sharp-libvips-linux-arm64': [ '1.2.4' ],
29 silly audit   '@img/sharp-libvips-linux-ppc64': [ '1.2.4' ],
29 silly audit   '@img/sharp-libvips-linux-riscv64': [ '1.2.4' ],
29 silly audit   '@img/sharp-libvips-linux-s390x': [ '1.2.4' ],
29 silly audit   '@img/sharp-libvips-linux-x64': [ '1.2.4' ],
29 silly audit   '@img/sharp-libvips-linuxmusl-arm64': [ '1.2.4' ],
29 silly audit   '@img/sharp-libvips-linuxmusl-x64': [ '1.2.4' ],
29 silly audit   '@img/sharp-linux-arm': [ '0.34.5' ],
29 silly audit   '@img/sharp-linux-arm64': [ '0.34.5' ],
29 silly audit   '@img/sharp-linux-ppc64': [ '0.34.5' ],
29 silly audit   '@img/sharp-linux-riscv64': [ '0.34.5' ],
29 silly audit   '@img/sharp-linux-s390x': [ '0.34.5' ],
29 silly audit   '@img/sharp-linux-x64': [ '0.34.5' ],
29 silly audit   '@img/sharp-linuxmusl-arm64': [ '0.34.5' ],
29 silly audit   '@img/sharp-linuxmusl-x64': [ '0.34.5' ],
29 silly audit   '@img/sharp-wasm32': [ '0.34.5' ],
29 silly audit   '@img/sharp-win32-arm64': [ '0.34.5' ],
29 silly audit   '@img/sharp-win32-ia32': [ '0.34.5' ],
29 silly audit   '@img/sharp-win32-x64': [ '0.34.5' ],
29 silly audit   '@jridgewell/gen-mapping': [ '0.3.13' ],
29 silly audit   '@jridgewell/remapping': [ '2.3.5' ],
29 silly audit   '@jridgewell/resolve-uri': [ '3.1.2' ],
29 silly audit   '@jridgewell/sourcemap-codec': [ '1.5.5' ],
29 silly audit   '@jridgewell/trace-mapping': [ '0.3.31' ],
29 silly audit   '@mediapipe/tasks-vision': [ '0.10.17' ],
29 silly audit   '@monogrid/gainmap-js': [ '3.4.0' ],
29 silly audit   '@napi-rs/wasm-runtime': [ '0.2.12' ],
29 silly audit   '@next/env': [ '16.1.1' ],
29 silly audit   '@next/eslint-plugin-next': [ '16.1.1' ],
29 silly audit   '@next/swc-darwin-arm64': [ '16.1.1' ],
29 silly audit   '@next/swc-darwin-x64': [ '16.1.1' ],
29 silly audit   '@next/swc-linux-arm64-gnu': [ '16.1.1' ],
29 silly audit   '@next/swc-linux-arm64-musl': [ '16.1.1' ],
29 silly audit   '@next/swc-linux-x64-gnu': [ '16.1.1' ],
29 silly audit   '@next/swc-linux-x64-musl': [ '16.1.1' ],
29 silly audit   '@next/swc-win32-arm64-msvc': [ '16.1.1' ],
29 silly audit   '@next/swc-win32-x64-msvc': [ '16.1.1' ],
29 silly audit   '@nodelib/fs.scandir': [ '2.1.5' ],
29 silly audit   '@nodelib/fs.stat': [ '2.0.5' ],
29 silly audit   '@nodelib/fs.walk': [ '1.2.8' ],
29 silly audit   '@nolyfill/is-core-module': [ '1.0.39' ],
29 silly audit   '@react-three/drei': [ '10.7.7' ],
29 silly audit   '@react-three/fiber': [ '9.5.0' ],
29 silly audit   '@react-three/postprocessing': [ '3.0.4' ],
29 silly audit   maath: [ '0.6.0', '0.10.8' ],
29 silly audit   '@rtsao/scc': [ '1.1.0' ],
29 silly audit   '@swc/helpers': [ '0.5.15' ],
29 silly audit   '@tweenjs/tween.js': [ '23.1.3' ],
29 silly audit   '@tybys/wasm-util': [ '0.10.1' ],
29 silly audit   '@types/draco3d': [ '1.4.10' ],
29 silly audit   '@types/estree': [ '1.0.8' ],
29 silly audit   '@types/json-schema': [ '7.0.15' ],
29 silly audit   '@types/json5': [ '0.0.29' ],
29 silly audit   '@types/node': [ '20.19.27' ],
29 silly audit   '@types/offscreencanvas': [ '2019.7.3' ],
29 silly audit   '@types/react': [ '19.2.7' ],
29 silly audit   '@types/react-dom': [ '19.2.3' ],
29 silly audit   '@types/react-reconciler': [ '0.28.9' ],
29 silly audit   '@types/stats.js': [ '0.17.4' ],
29 silly audit   '@types/three': [ '0.182.0' ],
29 silly audit   '@types/webxr': [ '0.5.24' ],
29 silly audit   '@typescript-eslint/eslint-plugin': [ '8.51.0' ],
29 silly audit   ignore: [ '7.0.5', '5.3.2' ],
29 silly audit   '@typescript-eslint/parser': [ '8.51.0' ],
29 silly audit   '@typescript-eslint/project-service': [ '8.51.0' ],
29 silly audit   '@typescript-eslint/scope-manager': [ '8.51.0' ],
29 silly audit   '@typescript-eslint/tsconfig-utils': [ '8.51.0' ],
29 silly audit   '@typescript-eslint/type-utils': [ '8.51.0' ],
29 silly audit   '@typescript-eslint/types': [ '8.51.0' ],
29 silly audit   '@typescript-eslint/typescript-estree': [ '8.51.0' ],
29 silly audit   'brace-expansion': [ '2.0.2', '1.1.12' ],
29 silly audit   minimatch: [ '9.0.5', '3.1.2' ],
29 silly audit   semver: [ '7.7.3', '6.3.1' ],
29 silly audit   '@typescript-eslint/utils': [ '8.51.0' ],
29 silly audit   '@typescript-eslint/visitor-keys': [ '8.51.0' ],
29 silly audit   '@unrs/resolver-binding-android-arm-eabi': [ '1.11.1' ],
29 silly audit   '@unrs/resolver-binding-android-arm64': [ '1.11.1' ],
29 silly audit   '@unrs/resolver-binding-darwin-arm64': [ '1.11.1' ],
29 silly audit   '@unrs/resolver-binding-darwin-x64': [ '1.11.1' ],
29 silly audit   '@unrs/resolver-binding-freebsd-x64': [ '1.11.1' ],
29 silly audit   '@unrs/resolver-binding-linux-arm-gnueabihf': [ '1.11.1' ],
29 silly audit   '@unrs/resolver-binding-linux-arm-musleabihf': [ '1.11.1' ],
29 silly audit   '@unrs/resolver-binding-linux-arm64-gnu': [ '1.11.1' ],
29 silly audit   '@unrs/resolver-binding-linux-arm64-musl': [ '1.11.1' ],
29 silly audit   '@unrs/resolver-binding-linux-ppc64-gnu': [ '1.11.1' ],
29 silly audit   '@unrs/resolver-binding-linux-riscv64-gnu': [ '1.11.1' ],
29 silly audit   '@unrs/resolver-binding-linux-riscv64-musl': [ '1.11.1' ],
29 silly audit   '@unrs/resolver-binding-linux-s390x-gnu': [ '1.11.1' ],
29 silly audit   '@unrs/resolver-binding-linux-x64-gnu': [ '1.11.1' ],
29 silly audit   '@unrs/resolver-binding-linux-x64-musl': [ '1.11.1' ],
29 silly audit   '@unrs/resolver-binding-wasm32-wasi': [ '1.11.1' ],
29 silly audit   '@unrs/resolver-binding-win32-arm64-msvc': [ '1.11.1' ],
29 silly audit   '@unrs/resolver-binding-win32-ia32-msvc': [ '1.11.1' ],
29 silly audit   '@unrs/resolver-binding-win32-x64-msvc': [ '1.11.1' ],
29 silly audit   '@use-gesture/core': [ '10.3.1' ],
29 silly audit   '@use-gesture/react': [ '10.3.1' ],
29 silly audit   '@webgpu/types': [ '0.1.68' ],
29 silly audit   acorn: [ '8.15.0' ],
29 silly audit   'acorn-jsx': [ '5.3.2' ],
29 silly audit   ajv: [ '6.12.6' ],
29 silly audit   'ansi-styles': [ '4.3.0' ],
29 silly audit   argparse: [ '2.0.1' ],
29 silly audit   'aria-query': [ '5.3.2' ],
29 silly audit   'array-buffer-byte-length': [ '1.0.2' ],
29 silly audit   'array-includes': [ '3.1.9' ],
29 silly audit   'array.prototype.findlast': [ '1.2.5' ],
29 silly audit   'array.prototype.findlastindex': [ '1.2.6' ],
29 silly audit   'array.prototype.flat': [ '1.3.3' ],
29 silly audit   'array.prototype.flatmap': [ '1.3.3' ],
29 silly audit   'array.prototype.tosorted': [ '1.1.4' ],
29 silly audit   'arraybuffer.prototype.slice': [ '1.0.4' ],
29 silly audit   'ast-types-flow': [ '0.0.8' ],
29 silly audit   'async-function': [ '1.0.0' ],
29 silly audit   'available-typed-arrays': [ '1.0.7' ],
29 silly audit   'axe-core': [ '4.11.0' ],
29 silly audit   'axobject-query': [ '4.1.0' ],
29 silly audit   'babel-plugin-react-compiler': [ '1.0.0' ],
29 silly audit   'balanced-match': [ '1.0.2' ],
29 silly audit   'base64-js': [ '1.5.1' ],
29 silly audit   'baseline-browser-mapping': [ '2.9.11' ],
29 silly audit   'bidi-js': [ '1.0.3' ],
29 silly audit   braces: [ '3.0.3' ],
29 silly audit   browserslist: [ '4.28.1' ],
29 silly audit   buffer: [ '6.0.3' ],
29 silly audit   'call-bind': [ '1.0.8' ],
29 silly audit   'call-bind-apply-helpers': [ '1.0.2' ],
29 silly audit   'call-bound': [ '1.0.4' ],
29 silly audit   callsites: [ '3.1.0' ],
29 silly audit   'camera-controls': [ '3.1.2' ],
29 silly audit   'caniuse-lite': [ '1.0.30001762' ],
29 silly audit   chalk: [ '4.1.2' ],
29 silly audit   'client-only': [ '0.0.1' ],
29 silly audit   clsx: [ '2.1.1' ],
29 silly audit   'color-convert': [ '2.0.1' ],
29 silly audit   'color-name': [ '1.1.4' ],
29 silly audit   'concat-map': [ '0.0.1' ],
29 silly audit   'convert-source-map': [ '2.0.0' ],
29 silly audit   'cross-env': [ '7.0.3' ],
29 silly audit   'cross-spawn': [ '7.0.6' ],
29 silly audit   csstype: [ '3.2.3' ],
29 silly audit   'damerau-levenshtein': [ '1.0.8' ],
29 silly audit   'data-view-buffer': [ '1.0.2' ],
29 silly audit   'data-view-byte-length': [ '1.0.2' ],
29 silly audit   'data-view-byte-offset': [ '1.0.1' ],
29 silly audit   debug: [ '4.4.3', '3.2.7' ],
29 silly audit   'deep-is': [ '0.1.4' ],
29 silly audit   'define-data-property': [ '1.1.4' ],
29 silly audit   'define-properties': [ '1.2.1' ],
29 silly audit   'detect-gpu': [ '5.0.70' ],
29 silly audit   'detect-libc': [ '2.1.2' ],
29 silly audit   doctrine: [ '2.1.0' ],
29 silly audit   draco3d: [ '1.5.7' ],
29 silly audit   'dunder-proto': [ '1.0.1' ],
29 silly audit   'electron-to-chromium': [ '1.5.267' ],
29 silly audit   'emoji-regex': [ '9.2.2' ],
29 silly audit   'es-abstract': [ '1.24.1' ],
29 silly audit   'es-define-property': [ '1.0.1' ],
29 silly audit   'es-errors': [ '1.3.0' ],
29 silly audit   'es-iterator-helpers': [ '1.2.2' ],
29 silly audit   'es-object-atoms': [ '1.1.1' ],
29 silly audit   'es-set-tostringtag': [ '2.1.0' ],
29 silly audit   'es-shim-unscopables': [ '1.1.0' ],
29 silly audit   'es-to-primitive': [ '1.3.0' ],
29 silly audit   escalade: [ '3.2.0' ],
29 silly audit   'escape-string-regexp': [ '4.0.0' ],
29 silly audit   eslint: [ '9.39.2' ],
29 silly audit   'eslint-config-next': [ '16.1.1' ],
29 silly audit   globals: [ '16.4.0', '14.0.0' ],
29 silly audit   'eslint-import-resolver-node': [ '0.3.9' ],
29 silly audit   'eslint-import-resolver-typescript': [ '3.10.1' ],
29 silly audit   'eslint-module-utils': [ '2.12.1' ],
29 silly audit   'eslint-plugin-import': [ '2.32.0' ],
29 silly audit   'eslint-plugin-jsx-a11y': [ '6.10.2' ],
29 silly audit   'eslint-plugin-react': [ '7.37.5' ],
29 silly audit   'eslint-plugin-react-hooks': [ '7.0.1' ],
29 silly audit   resolve: [ '2.0.0-next.5', '1.22.11' ],
29 silly audit   'eslint-scope': [ '8.4.0' ],
29 silly audit   espree: [ '10.4.0' ],
29 silly audit   esquery: [ '1.7.0' ],
29 silly audit   esrecurse: [ '4.3.0' ],
29 silly audit   estraverse: [ '5.3.0' ],
29 silly audit   esutils: [ '2.0.3' ],
29 silly audit   'fast-deep-equal': [ '3.1.3' ],
29 silly audit   'fast-glob': [ '3.3.1' ],
29 silly audit   'glob-parent': [ '5.1.2', '6.0.2' ],
29 silly audit   'fast-json-stable-stringify': [ '2.1.0' ],
29 silly audit   'fast-levenshtein': [ '2.0.6' ],
29 silly audit   fastq: [ '1.20.1' ],
29 silly audit   fflate: [ '0.8.2', '0.6.10' ],
29 silly audit   'file-entry-cache': [ '8.0.0' ],
29 silly audit   'fill-range': [ '7.1.1' ],
29 silly audit   'find-up': [ '5.0.0' ],
29 silly audit   'flat-cache': [ '4.0.1' ],
29 silly audit   flatted: [ '3.3.3' ],
29 silly audit   'for-each': [ '0.3.5' ],
29 silly audit   'framer-motion': [ '12.24.0' ],
29 silly audit   'function-bind': [ '1.1.2' ],
29 silly audit   'function.prototype.name': [ '1.1.8' ],
29 silly audit   'functions-have-names': [ '1.2.3' ],
29 silly audit   'generator-function': [ '2.0.1' ],
29 silly audit   gensync: [ '1.0.0-beta.2' ],
29 silly audit   'get-intrinsic': [ '1.3.0' ],
29 silly audit   'get-proto': [ '1.0.1' ],
29 silly audit   'get-symbol-description': [ '1.1.0' ],
29 silly audit   'get-tsconfig': [ '4.13.0' ],
29 silly audit   globalthis: [ '1.0.4' ],
29 silly audit   'glsl-noise': [ '0.0.0' ],
29 silly audit   gopd: [ '1.2.0' ],
29 silly audit   gsap: [ '3.14.2' ],
29 silly audit   'has-bigints': [ '1.1.0' ],
29 silly audit   'has-flag': [ '4.0.0' ],
29 silly audit   'has-property-descriptors': [ '1.0.2' ],
29 silly audit   'has-proto': [ '1.2.0' ],
29 silly audit   'has-symbols': [ '1.1.0' ],
29 silly audit   'has-tostringtag': [ '1.0.2' ],
29 silly audit   hasown: [ '2.0.2' ],
29 silly audit   'hermes-estree': [ '0.25.1' ],
29 silly audit   'hermes-parser': [ '0.25.1' ],
29 silly audit   'hls.js': [ '1.6.15' ],
29 silly audit   ieee754: [ '1.2.1' ],
29 silly audit   immediate: [ '3.0.6' ],
29 silly audit   'import-fresh': [ '3.3.1' ],
29 silly audit   imurmurhash: [ '0.1.4' ],
29 silly audit   'internal-slot': [ '1.1.0' ],
29 silly audit   'is-array-buffer': [ '3.0.5' ],
29 silly audit   'is-async-function': [ '2.1.1' ],
29 silly audit   'is-bigint': [ '1.1.0' ],
29 silly audit   'is-boolean-object': [ '1.2.2' ],
29 silly audit   'is-bun-module': [ '2.0.0' ],
29 silly audit   'is-callable': [ '1.2.7' ],
29 silly audit   'is-core-module': [ '2.16.1' ],
29 silly audit   'is-data-view': [ '1.0.2' ],
29 silly audit   'is-date-object': [ '1.1.0' ],
29 silly audit   'is-extglob': [ '2.1.1' ],
29 silly audit   'is-finalizationregistry': [ '1.1.1' ],
29 silly audit   'is-generator-function': [ '1.1.2' ],
29 silly audit   'is-glob': [ '4.0.3' ],
29 silly audit   'is-map': [ '2.0.3' ],
29 silly audit   'is-negative-zero': [ '2.0.3' ],
29 silly audit   'is-number': [ '7.0.0' ],
29 silly audit   'is-number-object': [ '1.1.1' ],
29 silly audit   'is-promise': [ '2.2.2' ],
29 silly audit   'is-regex': [ '1.2.1' ],
29 silly audit   'is-set': [ '2.0.3' ],
29 silly audit   'is-shared-array-buffer': [ '1.0.4' ],
29 silly audit   'is-string': [ '1.1.1' ],
29 silly audit   'is-symbol': [ '1.1.1' ],
29 silly audit   'is-typed-array': [ '1.1.15' ],
29 silly audit   'is-weakmap': [ '2.0.2' ],
29 silly audit   'is-weakref': [ '1.1.1' ],
29 silly audit   'is-weakset': [ '2.0.4' ],
29 silly audit   isarray: [ '2.0.5' ],
29 silly audit   isexe: [ '2.0.0' ],
29 silly audit   'iterator.prototype': [ '1.1.5' ],
29 silly audit   'its-fine': [ '2.0.0' ],
29 silly audit   'js-tokens': [ '4.0.0' ],
29 silly audit   'js-yaml': [ '4.1.1' ],
29 silly audit   jsesc: [ '3.1.0' ],
29 silly audit   'json-buffer': [ '3.0.1' ],
29 silly audit   'json-schema-traverse': [ '0.4.1' ],
29 silly audit   'json-stable-stringify-without-jsonify': [ '1.0.1' ],
29 silly audit   json5: [ '2.2.3', '1.0.2' ],
29 silly audit   'jsx-ast-utils': [ '3.3.5' ],
29 silly audit   keyv: [ '4.5.4' ],
29 silly audit   'language-subtag-registry': [ '0.3.23' ],
29 silly audit   'language-tags': [ '1.0.9' ],
29 silly audit   levn: [ '0.4.1' ],
29 silly audit   lie: [ '3.3.0' ],
29 silly audit   'locate-path': [ '6.0.0' ],
29 silly audit   'lodash.merge': [ '4.6.2' ],
29 silly audit   'loose-envify': [ '1.4.0' ],
29 silly audit   'lru-cache': [ '5.1.1' ],
29 silly audit   'math-intrinsics': [ '1.1.0' ],
29 silly audit   merge2: [ '1.4.1' ],
29 silly audit   meshline: [ '3.3.1' ],
29 silly audit   meshoptimizer: [ '0.22.0' ],
29 silly audit   micromatch: [ '4.0.8' ],
29 silly audit   minimist: [ '1.2.8' ],
29 silly audit   motion: [ '12.24.0' ],
29 silly audit   'motion-dom': [ '12.24.0' ],
29 silly audit   'motion-utils': [ '12.23.28' ],
29 silly audit   ms: [ '2.1.3' ],
29 silly audit   n8ao: [ '1.10.1' ],
29 silly audit   nanoid: [ '3.3.11' ],
29 silly audit   'napi-postinstall': [ '0.3.4' ],
29 silly audit   'natural-compare': [ '1.4.0' ],
29 silly audit   next: [ '16.1.1' ],
29 silly audit   'node-releases': [ '2.0.27' ],
29 silly audit   'object-assign': [ '4.1.1' ],
29 silly audit   'object-inspect': [ '1.13.4' ],
29 silly audit   'object-keys': [ '1.1.1' ],
29 silly audit   'object.assign': [ '4.1.7' ],
29 silly audit   'object.entries': [ '1.1.9' ],
29 silly audit   'object.fromentries': [ '2.0.8' ],
29 silly audit   'object.groupby': [ '1.0.3' ],
29 silly audit   'object.values': [ '1.2.1' ],
29 silly audit   optionator: [ '0.9.4' ],
29 silly audit   'own-keys': [ '1.0.1' ],
29 silly audit   'p-limit': [ '3.1.0' ],
29 silly audit   'p-locate': [ '5.0.0' ],
29 silly audit   'parent-module': [ '1.0.1' ],
29 silly audit   'path-exists': [ '4.0.0' ],
29 silly audit   'path-key': [ '3.1.1' ],
29 silly audit   'path-parse': [ '1.0.7' ],
29 silly audit   picocolors: [ '1.1.1' ],
29 silly audit   picomatch: [ '2.3.1', '4.0.3' ],
29 silly audit   'possible-typed-array-names': [ '1.1.0' ],
29 silly audit   postcss: [ '8.4.31' ],
29 silly audit   postprocessing: [ '6.38.2' ],
29 silly audit   potpack: [ '1.0.2' ],
29 silly audit   'prelude-ls': [ '1.2.1' ],
29 silly audit   'promise-worker-transferable': [ '1.0.4' ],
29 silly audit   'prop-types': [ '15.8.1' ],
29 silly audit   punycode: [ '2.3.1' ],
29 silly audit   'queue-microtask': [ '1.2.3' ],
29 silly audit   react: [ '19.2.3' ],
29 silly audit   'react-dom': [ '19.2.3' ],
29 silly audit   'react-is': [ '16.13.1' ],
29 silly audit   'react-use-measure': [ '2.1.7' ],
29 silly audit   'reflect.getprototypeof': [ '1.0.10' ],
29 silly audit   'regexp.prototype.flags': [ '1.5.4' ],
29 silly audit   'require-from-string': [ '2.0.2' ],
29 silly audit   'resolve-from': [ '4.0.0' ],
29 silly audit   'resolve-pkg-maps': [ '1.0.0' ],
29 silly audit   reusify: [ '1.1.0' ],
29 silly audit   'run-parallel': [ '1.2.0' ],
29 silly audit   'safe-array-concat': [ '1.1.3' ],
29 silly audit   'safe-push-apply': [ '1.0.0' ],
29 silly audit   'safe-regex-test': [ '1.1.0' ],
29 silly audit   scheduler: [ '0.27.0' ],
29 silly audit   'set-function-length': [ '1.2.2' ],
29 silly audit   'set-function-name': [ '2.0.2' ],
29 silly audit   'set-proto': [ '1.0.0' ],
29 silly audit   sharp: [ '0.34.5' ],
29 silly audit   'shebang-command': [ '2.0.0' ],
29 silly audit   'shebang-regex': [ '3.0.0' ],
29 silly audit   'side-channel': [ '1.1.0' ],
29 silly audit   'side-channel-list': [ '1.0.0' ],
29 silly audit   'side-channel-map': [ '1.0.1' ],
29 silly audit   'side-channel-weakmap': [ '1.0.2' ],
29 silly audit   'source-map-js': [ '1.2.1' ],
29 silly audit   'stable-hash': [ '0.0.5' ],
29 silly audit   'stats-gl': [ '2.4.2' ],
29 silly audit   three: [ '0.170.0', '0.182.0' ],
29 silly audit   'stats.js': [ '0.17.0' ],
29 silly audit   'stop-iteration-iterator': [ '1.1.0' ],
29 silly audit   'string.prototype.includes': [ '2.0.1' ],
29 silly audit   'string.prototype.matchall': [ '4.0.12' ],
29 silly audit   'string.prototype.repeat': [ '1.0.0' ],
29 silly audit   'string.prototype.trim': [ '1.2.10' ],
29 silly audit   'string.prototype.trimend': [ '1.0.9' ],
29 silly audit   'string.prototype.trimstart': [ '1.0.8' ],
29 silly audit   'strip-bom': [ '3.0.0' ],
29 silly audit   'strip-json-comments': [ '3.1.1' ],
29 silly audit   'styled-jsx': [ '5.1.6' ],
29 silly audit   'supports-color': [ '7.2.0' ],
29 silly audit   'supports-preserve-symlinks-flag': [ '1.0.0' ],
29 silly audit   'suspend-react': [ '0.1.3' ],
29 silly audit   'tailwind-merge': [ '3.4.0' ],
29 silly audit   'three-mesh-bvh': [ '0.8.3' ],
29 silly audit   'three-stdlib': [ '2.36.1' ],
29 silly audit   tinyglobby: [ '0.2.15' ],
29 silly audit   fdir: [ '6.5.0' ],
29 silly audit   'to-regex-range': [ '5.0.1' ],
29 silly audit   'troika-three-text': [ '0.52.4' ],
29 silly audit   'troika-three-utils': [ '0.52.4' ],
29 silly audit   'troika-worker-utils': [ '0.52.0' ],
29 silly audit   'ts-api-utils': [ '2.4.0' ],
29 silly audit   'tsconfig-paths': [ '3.15.0' ],
29 silly audit   tslib: [ '2.8.1' ],
29 silly audit   'tunnel-rat': [ '0.1.2' ],
29 silly audit   zustand: [ '4.5.7', '5.0.9' ],
29 silly audit   'type-check': [ '0.4.0' ],
29 silly audit   'typed-array-buffer': [ '1.0.3' ],
29 silly audit   'typed-array-byte-length': [ '1.0.3' ],
29 silly audit   'typed-array-byte-offset': [ '1.0.4' ],
29 silly audit   'typed-array-length': [ '1.0.7' ],
29 silly audit   typescript: [ '5.9.3' ],
29 silly audit   'typescript-eslint': [ '8.51.0' ],
29 silly audit   'unbox-primitive': [ '1.1.0' ],
29 silly audit   'undici-types': [ '6.21.0' ],
29 silly audit   'unrs-resolver': [ '1.11.1' ],
29 silly audit   'update-browserslist-db': [ '1.2.3' ],
29 silly audit   'uri-js': [ '4.4.1' ],
29 silly audit   'use-sync-external-store': [ '1.6.0' ],
29 silly audit   'utility-types': [ '3.11.0' ],
29 silly audit   'webgl-constants': [ '1.1.1' ],
29 silly audit   'webgl-sdf-generator': [ '1.1.1' ],
29 silly audit   which: [ '2.0.2' ],
29 silly audit   'which-boxed-primitive': [ '1.1.1' ],
29 silly audit   'which-builtin-type': [ '1.2.1' ],
29 silly audit   'which-collection': [ '1.0.2' ],
29 silly audit   'which-typed-array': [ '1.1.19' ],
29 silly audit   'word-wrap': [ '1.2.5' ],
29 silly audit   yallist: [ '3.1.1' ],
29 silly audit   'yocto-queue': [ '0.1.0' ],
29 silly audit   zod: [ '4.3.5' ],
29 silly audit   'zod-validation-error': [ '4.0.2' ],
29 silly audit   '@iconify/react': [ '6.0.2' ],
29 silly audit   '@iconify/types': [ '2.0.0' ]
29 silly audit }
30 http cache @iconify/types@https://registry.npmjs.org/@iconify/types/-/types-2.0.0.tgz 0ms (cache hit)
31 http cache @iconify/react@https://registry.npmjs.org/@iconify/react/-/react-6.0.2.tgz 0ms (cache hit)
32 silly tarball no local data for @iconify/types@https://registry.npmjs.org/@iconify/types/-/types-2.0.0.tgz. Extracting by manifest.
33 silly tarball no local data for @iconify/react@https://registry.npmjs.org/@iconify/react/-/react-6.0.2.tgz. Extracting by manifest.
34 http fetch GET 200 https://registry.npmjs.org/@iconify/types/-/types-2.0.0.tgz 165ms (cache miss)
35 http fetch POST 200 https://registry.npmjs.org/-/npm/v1/security/advisories/bulk 263ms
36 silly audit report {}
37 http fetch GET 200 https://registry.npmjs.org/@iconify/react/-/react-6.0.2.tgz 412ms (cache miss)
38 silly ADD node_modules/@iconify/types
39 silly ADD node_modules/@iconify/react
40 verbose cwd /Users/derin/vibe-library
41 verbose os Darwin 25.1.0
42 verbose node v24.11.1
43 verbose npm  v11.6.2
44 verbose exit 0
45 info ok
