0 verbose cli /usr/local/bin/node /usr/local/bin/npm
1 info using npm@11.6.2
2 info using node@v24.11.1
3 silly config load:file:/usr/local/lib/node_modules/npm/npmrc
4 silly config load:file:/Users/derin/vibe-library/.npmrc
5 silly config load:file:/Users/derin/.npmrc
6 silly config load:file:/usr/local/etc/npmrc
7 verbose title npm install three @types/three @react-three/fiber @react-three/drei
8 verbose argv "install" "three" "@types/three" "@react-three/fiber" "@react-three/drei" "--cache" "./.npm-cache" "--prefer-offline"
9 verbose logfile logs-max:10 dir:/Users/derin/vibe-library/.npm-cache/_logs/2026-01-08T10_40_09_597Z-
10 verbose logfile /Users/derin/vibe-library/.npm-cache/_logs/2026-01-08T10_40_09_597Z-debug-0.log
11 silly logfile done cleaning log files
12 silly packumentCache heap:4496293888 maxSize:1124073472 maxEntrySize:562036736
13 silly idealTree buildDeps
14 silly fetch manifest three@*
15 silly packumentCache full:https://registry.npmjs.org/three cache-miss
16 http fetch GET 200 https://registry.npmjs.org/npm 216ms
17 http fetch GET 200 https://registry.npmjs.org/three 143ms (cache miss)
18 silly packumentCache full:https://registry.npmjs.org/three set size:undefined disposed:false
19 silly fetch manifest @types/three@*
20 silly packumentCache full:https://registry.npmjs.org/@types%2fthree cache-miss
21 http fetch GET 200 https://registry.npmjs.org/@types%2fthree 59ms (cache miss)
22 silly packumentCache full:https://registry.npmjs.org/@types%2fthree set size:undefined disposed:false
23 silly fetch manifest @react-three/fiber@*
24 silly packumentCache full:https://registry.npmjs.org/@react-three%2ffiber cache-miss
25 http fetch GET 200 https://registry.npmjs.org/@react-three%2ffiber 187ms (cache miss)
26 silly packumentCache full:https://registry.npmjs.org/@react-three%2ffiber set size:undefined disposed:false
27 silly fetch manifest expo@>=43.0
28 silly packumentCache full:https://registry.npmjs.org/expo cache-miss
29 http fetch GET 200 https://registry.npmjs.org/expo 185ms (cache miss)
30 silly packumentCache full:https://registry.npmjs.org/expo set size:undefined disposed:false
31 silly fetch manifest @expo/dom-webview@*
32 silly packumentCache full:https://registry.npmjs.org/@expo%2fdom-webview cache-miss
33 http fetch GET 200 https://registry.npmjs.org/@expo%2fdom-webview 54ms (cache miss)
34 silly packumentCache full:https://registry.npmjs.org/@expo%2fdom-webview set size:undefined disposed:false
35 silly fetch manifest react@19.2.3
36 silly packumentCache full:https://registry.npmjs.org/react cache-miss
37 http fetch GET 200 https://registry.npmjs.org/react 212ms (cache miss)
38 silly packumentCache full:https://registry.npmjs.org/react set size:undefined disposed:false
39 silly fetch manifest react-native@*
40 silly packumentCache full:https://registry.npmjs.org/react-native cache-miss
41 http fetch GET 200 https://registry.npmjs.org/react-native 182ms (cache miss)
42 silly packumentCache full:https://registry.npmjs.org/react-native set size:undefined disposed:false
43 silly fetch manifest @types/react@^19
44 silly packumentCache full:https://registry.npmjs.org/@types%2freact cache-miss
45 http fetch GET 200 https://registry.npmjs.org/@types%2freact 108ms (cache miss)
46 silly packumentCache full:https://registry.npmjs.org/@types%2freact set size:undefined disposed:false
47 silly fetch manifest @expo/metro-runtime@*
48 silly packumentCache full:https://registry.npmjs.org/@expo%2fmetro-runtime cache-miss
49 http fetch GET 200 https://registry.npmjs.org/@expo%2fmetro-runtime 77ms (cache miss)
50 silly packumentCache full:https://registry.npmjs.org/@expo%2fmetro-runtime set size:undefined disposed:false
51 silly fetch manifest react-dom@19.2.3
52 silly packumentCache full:https://registry.npmjs.org/react-dom cache-miss
53 http fetch GET 200 https://registry.npmjs.org/react-dom 197ms (cache miss)
54 silly packumentCache full:https://registry.npmjs.org/react-dom set size:undefined disposed:false
55 silly fetch manifest react-native-webview@*
56 silly packumentCache full:https://registry.npmjs.org/react-native-webview cache-miss
57 http fetch GET 200 https://registry.npmjs.org/react-native-webview 61ms (cache miss)
58 silly packumentCache full:https://registry.npmjs.org/react-native-webview set size:undefined disposed:false
59 silly fetch manifest expo-asset@>=8.4
60 silly packumentCache full:https://registry.npmjs.org/expo-asset cache-miss
61 http fetch GET 200 https://registry.npmjs.org/expo-asset 46ms (cache miss)
62 silly packumentCache full:https://registry.npmjs.org/expo-asset set size:undefined disposed:false
63 silly fetch manifest expo-file-system@>=11.0
64 silly packumentCache full:https://registry.npmjs.org/expo-file-system cache-miss
65 http fetch GET 200 https://registry.npmjs.org/expo-file-system 60ms (cache miss)
66 silly packumentCache full:https://registry.npmjs.org/expo-file-system set size:undefined disposed:false
67 silly fetch manifest expo-gl@>=11.0
68 silly packumentCache full:https://registry.npmjs.org/expo-gl cache-miss
69 http fetch GET 200 https://registry.npmjs.org/expo-gl 47ms (cache miss)
70 silly packumentCache full:https://registry.npmjs.org/expo-gl set size:undefined disposed:false
71 silly fetch manifest react-native-reanimated@*
72 silly packumentCache full:https://registry.npmjs.org/react-native-reanimated cache-miss
73 http fetch GET 200 https://registry.npmjs.org/react-native-reanimated 121ms (cache miss)
74 silly packumentCache full:https://registry.npmjs.org/react-native-reanimated set size:undefined disposed:false
75 silly fetch manifest react-native-worklets@>=0.7.0
76 silly packumentCache full:https://registry.npmjs.org/react-native-worklets cache-miss
77 http fetch GET 200 https://registry.npmjs.org/react-native-worklets 58ms (cache miss)
78 silly packumentCache full:https://registry.npmjs.org/react-native-worklets set size:undefined disposed:false
79 silly fetch manifest @babel/core@*
80 silly packumentCache full:https://registry.npmjs.org/@babel%2fcore cache-miss
81 http fetch GET 200 https://registry.npmjs.org/@babel%2fcore 63ms (cache miss)
82 silly packumentCache full:https://registry.npmjs.org/@babel%2fcore set size:undefined disposed:false
83 silly fetch manifest react-native-web@*
84 silly packumentCache full:https://registry.npmjs.org/react-native-web cache-miss
85 http fetch GET 200 https://registry.npmjs.org/react-native-web 61ms (cache miss)
86 silly packumentCache full:https://registry.npmjs.org/react-native-web set size:undefined disposed:false
87 silly fetch manifest @react-three/drei@*
88 silly packumentCache full:https://registry.npmjs.org/@react-three%2fdrei cache-miss
89 http fetch GET 200 https://registry.npmjs.org/@react-three%2fdrei 260ms (cache miss)
90 silly packumentCache full:https://registry.npmjs.org/@react-three%2fdrei set size:undefined disposed:false
91 silly placeDep ROOT @react-three/drei@10.7.7 OK for: vibe-library@0.1.0 want: *
92 silly placeDep ROOT three@0.182.0 OK for: @react-three/drei@10.7.7 want: >=0.159
93 silly placeDep ROOT @react-three/fiber@9.5.0 OK for: @react-three/drei@10.7.7 want: ^9.0.0
94 silly placeDep ROOT @react-three/fiber@9.5.0 REPLACE for: vibe-library@0.1.0 want: *
95 silly placeDep ROOT @types/three@0.182.0 OK for: vibe-library@0.1.0 want: *
96 silly placeDep ROOT three@0.182.0 REPLACE for: vibe-library@0.1.0 want: *
97 silly fetch manifest maath@^0.10.8
98 silly packumentCache full:https://registry.npmjs.org/maath cache-miss
99 silly fetch manifest hls.js@^1.5.17
100 silly packumentCache full:https://registry.npmjs.org/hls.js cache-miss
101 silly fetch manifest zustand@^5.0.1
102 silly packumentCache full:https://registry.npmjs.org/zustand cache-miss
103 silly fetch manifest meshline@^3.3.1
104 silly packumentCache full:https://registry.npmjs.org/meshline cache-miss
105 silly fetch manifest stats-gl@^2.2.8
106 silly packumentCache full:https://registry.npmjs.org/stats-gl cache-miss
107 silly fetch manifest stats.js@^0.17.0
108 silly packumentCache full:https://registry.npmjs.org/stats.js cache-miss
109 silly fetch manifest cross-env@^7.0.3
110 silly packumentCache full:https://registry.npmjs.org/cross-env cache-miss
111 http fetch GET 200 https://registry.npmjs.org/maath 66ms (cache miss)
112 silly packumentCache full:https://registry.npmjs.org/maath set size:undefined disposed:false
113 silly fetch manifest detect-gpu@^5.0.56
114 silly packumentCache full:https://registry.npmjs.org/detect-gpu cache-miss
115 http fetch GET 200 https://registry.npmjs.org/stats-gl 125ms (cache miss)
116 silly packumentCache full:https://registry.npmjs.org/stats-gl set size:undefined disposed:false
117 silly fetch manifest glsl-noise@^0.0.0
118 silly packumentCache full:https://registry.npmjs.org/glsl-noise cache-miss
119 http fetch GET 200 https://registry.npmjs.org/stats.js 153ms (cache miss)
120 silly packumentCache full:https://registry.npmjs.org/stats.js set size:undefined disposed:false
121 silly fetch manifest tunnel-rat@^0.1.2
122 silly packumentCache full:https://registry.npmjs.org/tunnel-rat cache-miss
123 http fetch GET 200 https://registry.npmjs.org/glsl-noise 52ms (cache miss)
124 silly packumentCache full:https://registry.npmjs.org/glsl-noise set size:undefined disposed:false
125 silly fetch manifest three-stdlib@^2.35.6
126 silly packumentCache full:https://registry.npmjs.org/three-stdlib cache-miss
127 http fetch GET 200 https://registry.npmjs.org/meshline 184ms (cache miss)
128 silly packumentCache full:https://registry.npmjs.org/meshline set size:undefined disposed:false
129 silly fetch manifest suspend-react@^0.1.3
130 silly packumentCache full:https://registry.npmjs.org/suspend-react cache-miss
131 http fetch GET 200 https://registry.npmjs.org/detect-gpu 124ms (cache miss)
132 silly packumentCache full:https://registry.npmjs.org/detect-gpu set size:undefined disposed:false
133 silly fetch manifest utility-types@^3.11.0
134 silly packumentCache full:https://registry.npmjs.org/utility-types cache-miss
135 http fetch GET 200 https://registry.npmjs.org/cross-env 227ms (cache miss)
136 silly packumentCache full:https://registry.npmjs.org/cross-env set size:undefined disposed:false
137 silly fetch manifest @babel/runtime@^7.26.0
138 silly packumentCache full:https://registry.npmjs.org/@babel%2fruntime cache-miss
139 http fetch GET 200 https://registry.npmjs.org/zustand 231ms (cache miss)
140 silly packumentCache full:https://registry.npmjs.org/zustand set size:undefined disposed:false
141 silly fetch manifest three-mesh-bvh@^0.8.3
142 silly packumentCache full:https://registry.npmjs.org/three-mesh-bvh cache-miss
143 http fetch GET 200 https://registry.npmjs.org/tunnel-rat 100ms (cache miss)
144 silly packumentCache full:https://registry.npmjs.org/tunnel-rat set size:undefined disposed:false
145 silly fetch manifest camera-controls@^3.1.0
146 silly packumentCache full:https://registry.npmjs.org/camera-controls cache-miss
147 http fetch GET 200 https://registry.npmjs.org/suspend-react 76ms (cache miss)
148 silly packumentCache full:https://registry.npmjs.org/suspend-react set size:undefined disposed:false
149 silly fetch manifest troika-three-text@^0.52.4
150 silly packumentCache full:https://registry.npmjs.org/troika-three-text cache-miss
151 http fetch GET 200 https://registry.npmjs.org/utility-types 90ms (cache miss)
152 silly packumentCache full:https://registry.npmjs.org/utility-types set size:undefined disposed:false
153 silly fetch manifest @use-gesture/react@^10.3.1
154 silly packumentCache full:https://registry.npmjs.org/@use-gesture%2freact cache-miss
155 http fetch GET 200 https://registry.npmjs.org/three-stdlib 110ms (cache miss)
156 silly packumentCache full:https://registry.npmjs.org/three-stdlib set size:undefined disposed:false
157 silly fetch manifest @monogrid/gainmap-js@^3.0.6
158 silly packumentCache full:https://registry.npmjs.org/@monogrid%2fgainmap-js cache-miss
159 http fetch GET 200 https://registry.npmjs.org/three-mesh-bvh 60ms (cache miss)
160 silly packumentCache full:https://registry.npmjs.org/three-mesh-bvh set size:undefined disposed:false
161 silly fetch manifest @mediapipe/tasks-vision@0.10.17
162 silly packumentCache full:https://registry.npmjs.org/@mediapipe%2ftasks-vision cache-miss
163 http fetch GET 200 https://registry.npmjs.org/troika-three-text 53ms (cache miss)
164 silly packumentCache full:https://registry.npmjs.org/troika-three-text set size:undefined disposed:false
165 silly fetch manifest use-sync-external-store@^1.4.0
166 silly packumentCache full:https://registry.npmjs.org/use-sync-external-store cache-miss
167 http fetch GET 200 https://registry.npmjs.org/camera-controls 70ms (cache miss)
168 silly packumentCache full:https://registry.npmjs.org/camera-controls set size:undefined disposed:false
169 silly fetch manifest @babel/runtime@^7.17.8
170 silly packumentCache full:https://registry.npmjs.org/@babel%2fruntime cache-miss
171 http fetch GET 200 https://registry.npmjs.org/@babel%2fruntime 104ms (cache miss)
172 silly packumentCache full:https://registry.npmjs.org/@babel%2fruntime set size:undefined disposed:false
173 silly fetch manifest @types/webxr@*
174 silly packumentCache full:https://registry.npmjs.org/@types%2fwebxr cache-miss
175 http fetch GET 200 https://registry.npmjs.org/hls.js 366ms (cache miss)
176 silly packumentCache full:https://registry.npmjs.org/hls.js set size:undefined disposed:false
177 silly fetch manifest base64-js@^1.5.1
178 silly packumentCache full:https://registry.npmjs.org/base64-js cache-miss
179 http fetch GET 200 https://registry.npmjs.org/@monogrid%2fgainmap-js 140ms (cache miss)
180 silly packumentCache full:https://registry.npmjs.org/@monogrid%2fgainmap-js set size:undefined disposed:false
181 silly fetch manifest buffer@^6.0.3
182 silly packumentCache full:https://registry.npmjs.org/buffer cache-miss
183 http fetch GET 200 https://registry.npmjs.org/@mediapipe%2ftasks-vision 153ms (cache miss)
184 silly packumentCache full:https://registry.npmjs.org/@mediapipe%2ftasks-vision set size:undefined disposed:false
185 silly fetch manifest its-fine@^2.0.0
186 silly packumentCache full:https://registry.npmjs.org/its-fine cache-miss
187 http fetch GET 200 https://registry.npmjs.org/@babel%2fruntime 140ms (cache miss)
188 silly packumentCache full:https://registry.npmjs.org/@babel%2fruntime set size:undefined disposed:false
189 silly fetch manifest react-use-measure@^2.1.7
190 silly packumentCache full:https://registry.npmjs.org/react-use-measure cache-miss
191 http fetch GET 200 https://registry.npmjs.org/base64-js 69ms (cache miss)
192 silly packumentCache full:https://registry.npmjs.org/base64-js set size:undefined disposed:false
193 silly fetch manifest use-sync-external-store@^1.4.0
194 silly packumentCache full:https://registry.npmjs.org/use-sync-external-store cache-miss
195 http fetch GET 200 https://registry.npmjs.org/@use-gesture%2freact 208ms (cache miss)
196 silly packumentCache full:https://registry.npmjs.org/@use-gesture%2freact set size:undefined disposed:false
197 silly fetch manifest zustand@^5.0.3
198 silly packumentCache full:https://registry.npmjs.org/zustand cache-miss
199 http fetch GET 200 https://registry.npmjs.org/its-fine 40ms (cache miss)
200 silly packumentCache full:https://registry.npmjs.org/its-fine set size:undefined disposed:false
201 silly fetch manifest @types/webxr@*
202 silly packumentCache full:https://registry.npmjs.org/@types%2fwebxr cache-miss
203 http fetch GET 200 https://registry.npmjs.org/buffer 60ms (cache miss)
204 silly packumentCache full:https://registry.npmjs.org/buffer set size:undefined disposed:false
205 silly fetch manifest react-use-measure@^2.1.7
206 silly packumentCache full:https://registry.npmjs.org/react-use-measure cache-miss
207 http fetch GET 200 https://registry.npmjs.org/use-sync-external-store 184ms (cache miss)
208 silly packumentCache full:https://registry.npmjs.org/use-sync-external-store set size:undefined disposed:false
209 silly fetch manifest zustand@^5.0.3
210 silly packumentCache full:https://registry.npmjs.org/zustand cache-miss
211 http cache https://registry.npmjs.org/zustand 26ms (cache hit)
212 silly packumentCache full:https://registry.npmjs.org/zustand set size:491012 disposed:false
213 silly fetch manifest fflate@~0.8.2
214 silly packumentCache full:https://registry.npmjs.org/fflate cache-miss
215 http cache https://registry.npmjs.org/zustand 10ms (cache hit)
216 silly packumentCache full:https://registry.npmjs.org/zustand set size:491012 disposed:false
217 silly packumentCache full:https://registry.npmjs.org/zustand dispose
218 silly fetch manifest @types/webxr@>=0.5.17
219 silly packumentCache full:https://registry.npmjs.org/@types%2fwebxr cache-miss
220 http fetch GET 200 https://registry.npmjs.org/react-use-measure 52ms (cache miss)
221 silly packumentCache full:https://registry.npmjs.org/react-use-measure set size:undefined disposed:false
222 silly fetch manifest @webgpu/types@*
223 silly packumentCache full:https://registry.npmjs.org/@webgpu%2ftypes cache-miss
224 http fetch GET 200 https://registry.npmjs.org/react-use-measure 39ms (cache miss)
225 silly packumentCache full:https://registry.npmjs.org/react-use-measure set size:undefined disposed:false
226 silly fetch manifest meshoptimizer@~0.22.0
227 silly packumentCache full:https://registry.npmjs.org/meshoptimizer cache-miss
228 http fetch GET 200 https://registry.npmjs.org/meshoptimizer 49ms (cache miss)
229 silly packumentCache full:https://registry.npmjs.org/meshoptimizer set size:undefined disposed:false
230 silly fetch manifest @types/stats.js@*
231 silly packumentCache full:https://registry.npmjs.org/@types%2fstats.js cache-miss
232 http fetch GET 200 https://registry.npmjs.org/fflate 97ms (cache miss)
233 silly packumentCache full:https://registry.npmjs.org/fflate set size:undefined disposed:false
234 silly fetch manifest @tweenjs/tween.js@~23.1.3
235 silly packumentCache full:https://registry.npmjs.org/@tweenjs%2ftween.js cache-miss
236 http fetch GET 200 https://registry.npmjs.org/@types%2fwebxr 288ms (cache miss)
237 silly packumentCache full:https://registry.npmjs.org/@types%2fwebxr set size:undefined disposed:false
238 silly fetch manifest @dimforge/rapier3d-compat@~0.12.0
239 silly packumentCache full:https://registry.npmjs.org/@dimforge%2frapier3d-compat cache-miss
240 http fetch GET 200 https://registry.npmjs.org/@types%2fwebxr 140ms (cache miss)
241 silly packumentCache full:https://registry.npmjs.org/@types%2fwebxr set size:undefined disposed:false
242 http fetch GET 200 https://registry.npmjs.org/@types%2fwebxr 106ms (cache miss)
243 silly packumentCache full:https://registry.npmjs.org/@types%2fwebxr set size:undefined disposed:false
244 http fetch GET 200 https://registry.npmjs.org/@types%2fstats.js 50ms (cache miss)
245 silly packumentCache full:https://registry.npmjs.org/@types%2fstats.js set size:undefined disposed:false
246 http fetch GET 200 https://registry.npmjs.org/use-sync-external-store 160ms (cache miss)
247 silly packumentCache full:https://registry.npmjs.org/use-sync-external-store set size:undefined disposed:false
248 http fetch GET 200 https://registry.npmjs.org/@tweenjs%2ftween.js 56ms (cache miss)
249 silly packumentCache full:https://registry.npmjs.org/@tweenjs%2ftween.js set size:undefined disposed:false
250 http fetch GET 200 https://registry.npmjs.org/@webgpu%2ftypes 195ms (cache miss)
251 silly packumentCache full:https://registry.npmjs.org/@webgpu%2ftypes set size:undefined disposed:false
252 http fetch GET 200 https://registry.npmjs.org/@dimforge%2frapier3d-compat 118ms (cache miss)
253 silly packumentCache full:https://registry.npmjs.org/@dimforge%2frapier3d-compat set size:undefined disposed:false
254 silly fetch manifest @types/three@>=0.134.0
255 silly packumentCache full:https://registry.npmjs.org/@types%2fthree cache-miss
256 http cache https://registry.npmjs.org/@types%2fthree 3ms (cache hit)
257 silly packumentCache full:https://registry.npmjs.org/@types%2fthree set size:632101 disposed:false
258 silly fetch manifest three@>=0.159
259 silly packumentCache full:https://registry.npmjs.org/three cache-miss
260 http cache https://registry.npmjs.org/three 3ms (cache hit)
261 silly packumentCache full:https://registry.npmjs.org/three set size:910018 disposed:false
262 silly fetch manifest @types/react@>=18.0.0
263 silly packumentCache full:https://registry.npmjs.org/@types%2freact cache-miss
264 http cache https://registry.npmjs.org/@types%2freact 4ms (cache hit)
265 silly packumentCache full:https://registry.npmjs.org/@types%2freact set size:2541992 disposed:false
266 silly fetch manifest immer@>=9.0.6
267 silly packumentCache full:https://registry.npmjs.org/immer cache-miss
268 http fetch GET 200 https://registry.npmjs.org/immer 54ms (cache miss)
269 silly packumentCache full:https://registry.npmjs.org/immer set size:undefined disposed:false
270 silly fetch manifest react@^19
271 silly packumentCache full:https://registry.npmjs.org/react cache-miss
272 http cache https://registry.npmjs.org/react 7ms (cache hit)
273 silly packumentCache full:https://registry.npmjs.org/react set size:6366570 disposed:false
274 silly placeDep ROOT @babel/runtime@7.28.4 OK for: @react-three/drei@10.7.7 want: ^7.26.0
275 silly placeDep ROOT @mediapipe/tasks-vision@0.10.17 OK for: @react-three/drei@10.7.7 want: 0.10.17
276 silly placeDep ROOT @monogrid/gainmap-js@3.4.0 OK for: @react-three/drei@10.7.7 want: ^3.0.6
277 silly placeDep ROOT @use-gesture/react@10.3.1 OK for: @react-three/drei@10.7.7 want: ^10.3.1
278 silly placeDep ROOT camera-controls@3.1.2 OK for: @react-three/drei@10.7.7 want: ^3.1.0
279 silly placeDep ROOT cross-env@7.0.3 OK for: @react-three/drei@10.7.7 want: ^7.0.3
280 silly placeDep ROOT detect-gpu@5.0.70 OK for: @react-three/drei@10.7.7 want: ^5.0.56
281 silly placeDep ROOT glsl-noise@0.0.0 OK for: @react-three/drei@10.7.7 want: ^0.0.0
282 silly placeDep ROOT hls.js@1.6.15 OK for: @react-three/drei@10.7.7 want: ^1.5.17
283 silly placeDep ROOT maath@0.10.8 OK for: @react-three/drei@10.7.7 want: ^0.10.8
284 silly placeDep ROOT meshline@3.3.1 OK for: @react-three/drei@10.7.7 want: ^3.3.1
285 silly placeDep ROOT stats-gl@2.4.2 OK for: @react-three/drei@10.7.7 want: ^2.2.8
286 silly placeDep ROOT stats.js@0.17.0 OK for: @react-three/drei@10.7.7 want: ^0.17.0
287 silly placeDep ROOT suspend-react@0.1.3 OK for: @react-three/drei@10.7.7 want: ^0.1.3
288 silly placeDep ROOT three-mesh-bvh@0.8.3 OK for: @react-three/drei@10.7.7 want: ^0.8.3
289 silly placeDep ROOT three-stdlib@2.36.1 OK for: @react-three/drei@10.7.7 want: ^2.35.6
290 silly placeDep ROOT troika-three-text@0.52.4 OK for: @react-three/drei@10.7.7 want: ^0.52.4
291 silly placeDep ROOT tunnel-rat@0.1.2 OK for: @react-three/drei@10.7.7 want: ^0.1.2
292 silly placeDep ROOT use-sync-external-store@1.6.0 OK for: @react-three/drei@10.7.7 want: ^1.4.0
293 silly placeDep ROOT utility-types@3.11.0 OK for: @react-three/drei@10.7.7 want: ^3.11.0
294 silly placeDep ROOT zustand@5.0.9 OK for: @react-three/drei@10.7.7 want: ^5.0.1
295 silly fetch manifest promise-worker-transferable@^1.0.4
296 silly packumentCache full:https://registry.npmjs.org/promise-worker-transferable cache-miss
297 silly fetch manifest @use-gesture/core@10.3.1
298 silly packumentCache full:https://registry.npmjs.org/@use-gesture%2fcore cache-miss
299 silly fetch manifest webgl-constants@^1.1.1
300 silly packumentCache full:https://registry.npmjs.org/webgl-constants cache-miss
301 silly fetch manifest three@^0.170.0
302 silly packumentCache full:https://registry.npmjs.org/three cache-hit
303 silly fetch manifest @types/draco3d@^1.4.0
304 silly packumentCache full:https://registry.npmjs.org/@types%2fdraco3d cache-miss
305 silly fetch manifest @types/offscreencanvas@^2019.6.4
306 silly packumentCache full:https://registry.npmjs.org/@types%2foffscreencanvas cache-miss
307 silly fetch manifest @types/webxr@^0.5.2
308 silly packumentCache full:https://registry.npmjs.org/@types%2fwebxr cache-miss
309 silly fetch manifest draco3d@^1.4.1
310 silly packumentCache full:https://registry.npmjs.org/draco3d cache-miss
311 http cache https://registry.npmjs.org/@types%2fwebxr 12ms (cache hit)
312 silly packumentCache full:https://registry.npmjs.org/@types%2fwebxr set size:64472 disposed:false
313 silly fetch manifest fflate@^0.6.9
314 silly packumentCache full:https://registry.npmjs.org/fflate cache-miss
315 http cache https://registry.npmjs.org/fflate 2ms (cache hit)
316 silly packumentCache full:https://registry.npmjs.org/fflate set size:230492 disposed:false
317 silly fetch manifest potpack@^1.0.1
318 silly packumentCache full:https://registry.npmjs.org/potpack cache-miss
319 http fetch GET 200 https://registry.npmjs.org/promise-worker-transferable 42ms (cache miss)
320 silly packumentCache full:https://registry.npmjs.org/promise-worker-transferable set size:undefined disposed:false
321 silly fetch manifest bidi-js@^1.0.2
322 silly packumentCache full:https://registry.npmjs.org/bidi-js cache-miss
323 http fetch GET 200 https://registry.npmjs.org/potpack 37ms (cache miss)
324 silly packumentCache full:https://registry.npmjs.org/potpack set size:undefined disposed:false
325 silly fetch manifest troika-three-utils@^0.52.4
326 silly packumentCache full:https://registry.npmjs.org/troika-three-utils cache-miss
327 http fetch GET 200 https://registry.npmjs.org/webgl-constants 57ms (cache miss)
328 silly packumentCache full:https://registry.npmjs.org/webgl-constants set size:undefined disposed:false
329 silly fetch manifest troika-worker-utils@^0.52.0
330 silly packumentCache full:https://registry.npmjs.org/troika-worker-utils cache-miss
331 http fetch GET 200 https://registry.npmjs.org/@types%2foffscreencanvas 56ms (cache miss)
332 silly packumentCache full:https://registry.npmjs.org/@types%2foffscreencanvas set size:undefined disposed:false
333 silly fetch manifest webgl-sdf-generator@1.1.1
334 silly packumentCache full:https://registry.npmjs.org/webgl-sdf-generator cache-miss
335 http fetch GET 200 https://registry.npmjs.org/bidi-js 38ms (cache miss)
336 silly packumentCache full:https://registry.npmjs.org/bidi-js set size:undefined disposed:false
337 silly fetch manifest zustand@^4.3.2
338 silly packumentCache full:https://registry.npmjs.org/zustand cache-hit
339 http fetch GET 200 https://registry.npmjs.org/webgl-sdf-generator 31ms (cache miss)
340 silly packumentCache full:https://registry.npmjs.org/webgl-sdf-generator set size:undefined disposed:false
341 http fetch GET 200 https://registry.npmjs.org/troika-three-utils 43ms (cache miss)
342 silly packumentCache full:https://registry.npmjs.org/troika-three-utils set size:undefined disposed:false
343 http fetch GET 200 https://registry.npmjs.org/troika-worker-utils 43ms (cache miss)
344 silly packumentCache full:https://registry.npmjs.org/troika-worker-utils set size:undefined disposed:false
345 http fetch GET 200 https://registry.npmjs.org/@use-gesture%2fcore 151ms (cache miss)
346 silly packumentCache full:https://registry.npmjs.org/@use-gesture%2fcore set size:undefined disposed:false
347 http fetch GET 200 https://registry.npmjs.org/draco3d 261ms (cache miss)
348 silly packumentCache full:https://registry.npmjs.org/draco3d set size:undefined disposed:false
349 http fetch GET 200 https://registry.npmjs.org/@types%2fdraco3d 424ms (cache miss)
350 silly packumentCache full:https://registry.npmjs.org/@types%2fdraco3d set size:undefined disposed:false
351 silly placeDep ROOT promise-worker-transferable@1.0.4 OK for: @monogrid/gainmap-js@3.4.0 want: ^1.0.4
352 silly fetch manifest is-promise@^2.1.0
353 silly packumentCache full:https://registry.npmjs.org/is-promise cache-miss
354 silly fetch manifest lie@^3.0.2
355 silly packumentCache full:https://registry.npmjs.org/lie cache-miss
356 http fetch GET 200 https://registry.npmjs.org/is-promise 28ms (cache miss)
357 silly packumentCache full:https://registry.npmjs.org/is-promise set size:undefined disposed:false
358 http fetch GET 200 https://registry.npmjs.org/lie 47ms (cache miss)
359 silly packumentCache full:https://registry.npmjs.org/lie set size:undefined disposed:false
360 silly fetch manifest react@>=19 <19.3
361 silly packumentCache full:https://registry.npmjs.org/react cache-miss
362 http cache https://registry.npmjs.org/react 6ms (cache hit)
363 silly packumentCache full:https://registry.npmjs.org/react set size:6366570 disposed:false
364 silly fetch manifest react-dom@>=19 <19.3
365 silly packumentCache full:https://registry.npmjs.org/react-dom cache-miss
366 http cache https://registry.npmjs.org/react-dom 10ms (cache hit)
367 silly packumentCache full:https://registry.npmjs.org/react-dom set size:8382055 disposed:false
368 silly placeDep ROOT @types/webxr@0.5.24 OK for: @react-three/fiber@9.5.0 want: *
369 silly placeDep ROOT base64-js@1.5.1 OK for: @react-three/fiber@9.5.0 want: ^1.5.1
370 silly placeDep ROOT buffer@6.0.3 OK for: @react-three/fiber@9.5.0 want: ^6.0.3
371 silly placeDep ROOT its-fine@2.0.0 OK for: @react-three/fiber@9.5.0 want: ^2.0.0
372 silly placeDep ROOT react-use-measure@2.1.7 OK for: @react-three/fiber@9.5.0 want: ^2.1.7
373 silly fetch manifest ieee754@^1.2.1
374 silly packumentCache full:https://registry.npmjs.org/ieee754 cache-miss
375 silly fetch manifest @types/react-reconciler@^0.28.9
376 silly packumentCache full:https://registry.npmjs.org/@types%2freact-reconciler cache-miss
377 http fetch GET 200 https://registry.npmjs.org/ieee754 36ms (cache miss)
378 silly packumentCache full:https://registry.npmjs.org/ieee754 set size:undefined disposed:false
379 http fetch GET 200 https://registry.npmjs.org/@types%2freact-reconciler 44ms (cache miss)
380 silly packumentCache full:https://registry.npmjs.org/@types%2freact-reconciler set size:undefined disposed:false
381 silly placeDep ROOT @dimforge/rapier3d-compat@0.12.0 OK for: @types/three@0.182.0 want: ~0.12.0
382 silly placeDep ROOT @tweenjs/tween.js@23.1.3 OK for: @types/three@0.182.0 want: ~23.1.3
383 silly placeDep ROOT @types/stats.js@0.17.4 OK for: @types/three@0.182.0 want: *
384 silly placeDep ROOT @webgpu/types@0.1.68 OK for: @types/three@0.182.0 want: *
385 silly placeDep ROOT fflate@0.8.2 OK for: @types/three@0.182.0 want: ~0.8.2
386 silly placeDep ROOT meshoptimizer@0.22.0 OK for: @types/three@0.182.0 want: ~0.22.0
387 silly placeDep ROOT @use-gesture/core@10.3.1 OK for: @use-gesture/react@10.3.1 want: 10.3.1
388 silly placeDep ROOT ieee754@1.2.1 OK for: buffer@6.0.3 want: ^1.2.1
389 silly placeDep ROOT webgl-constants@1.1.1 OK for: detect-gpu@5.0.70 want: ^1.1.1
390 silly fetch manifest @types/react@*
391 silly packumentCache full:https://registry.npmjs.org/@types%2freact cache-miss
392 http cache https://registry.npmjs.org/@types%2freact 4ms (cache hit)
393 silly packumentCache full:https://registry.npmjs.org/@types%2freact set size:2541992 disposed:false
394 silly placeDep ROOT @types/react-reconciler@0.28.9 OK for: its-fine@2.0.0 want: ^0.28.9
395 silly placeDep ROOT is-promise@2.2.2 OK for: promise-worker-transferable@1.0.4 want: ^2.1.0
396 silly placeDep ROOT lie@3.3.0 OK for: promise-worker-transferable@1.0.4 want: ^3.0.2
397 silly fetch manifest immediate@~3.0.5
398 silly packumentCache full:https://registry.npmjs.org/immediate cache-miss
399 http fetch GET 200 https://registry.npmjs.org/immediate 41ms (cache miss)
400 silly packumentCache full:https://registry.npmjs.org/immediate set size:undefined disposed:false
401 silly placeDep ROOT immediate@3.0.6 OK for: lie@3.3.0 want: ~3.0.5
402 silly placeDep node_modules/stats-gl three@0.170.0 OK for: stats-gl@2.4.2 want: ^0.170.0
403 silly placeDep ROOT @types/draco3d@1.4.10 OK for: three-stdlib@2.36.1 want: ^1.4.0
404 silly placeDep ROOT @types/offscreencanvas@2019.7.3 OK for: three-stdlib@2.36.1 want: ^2019.6.4
405 silly placeDep ROOT draco3d@1.5.7 OK for: three-stdlib@2.36.1 want: ^1.4.1
406 silly placeDep node_modules/three-stdlib fflate@0.6.10 OK for: three-stdlib@2.36.1 want: ^0.6.9
407 silly placeDep ROOT potpack@1.0.2 OK for: three-stdlib@2.36.1 want: ^1.0.1
408 silly fetch manifest three@>=0.125.0
409 silly packumentCache full:https://registry.npmjs.org/three cache-hit
410 silly placeDep ROOT bidi-js@1.0.3 OK for: troika-three-text@0.52.4 want: ^1.0.2
411 silly placeDep ROOT troika-three-utils@0.52.4 OK for: troika-three-text@0.52.4 want: ^0.52.4
412 silly placeDep ROOT troika-worker-utils@0.52.0 OK for: troika-three-text@0.52.4 want: ^0.52.0
413 silly placeDep ROOT webgl-sdf-generator@1.1.1 OK for: troika-three-text@0.52.4 want: 1.1.1
414 silly fetch manifest require-from-string@^2.0.2
415 silly packumentCache full:https://registry.npmjs.org/require-from-string cache-miss
416 http fetch GET 200 https://registry.npmjs.org/require-from-string 33ms (cache miss)
417 silly packumentCache full:https://registry.npmjs.org/require-from-string set size:undefined disposed:false
418 silly placeDep ROOT require-from-string@2.0.2 OK for: bidi-js@1.0.3 want: ^2.0.2
419 silly fetch manifest @types/react@>=16.8
420 silly packumentCache full:https://registry.npmjs.org/@types%2freact cache-miss
421 http cache https://registry.npmjs.org/@types%2freact 4ms (cache hit)
422 silly packumentCache full:https://registry.npmjs.org/@types%2freact set size:2541992 disposed:false
423 silly fetch manifest react@>=16.8
424 silly packumentCache full:https://registry.npmjs.org/react cache-miss
425 http cache https://registry.npmjs.org/react 11ms (cache hit)
426 silly packumentCache full:https://registry.npmjs.org/react set size:6366570 disposed:false
427 silly placeDep node_modules/tunnel-rat zustand@4.5.7 OK for: tunnel-rat@0.1.2 want: ^4.3.2
428 silly reify moves {}
429 silly audit bulk request {
429 silly audit   '@babel/code-frame': [ '7.27.1' ],
429 silly audit   '@babel/compat-data': [ '7.28.5' ],
429 silly audit   '@babel/core': [ '7.28.5' ],
429 silly audit   '@babel/generator': [ '7.28.5' ],
429 silly audit   '@babel/helper-compilation-targets': [ '7.27.2' ],
429 silly audit   '@babel/helper-globals': [ '7.28.0' ],
429 silly audit   '@babel/helper-module-imports': [ '7.27.1' ],
429 silly audit   '@babel/helper-module-transforms': [ '7.28.3' ],
429 silly audit   '@babel/helper-string-parser': [ '7.27.1' ],
429 silly audit   '@babel/helper-validator-identifier': [ '7.28.5' ],
429 silly audit   '@babel/helper-validator-option': [ '7.27.1' ],
429 silly audit   '@babel/helpers': [ '7.28.4' ],
429 silly audit   '@babel/parser': [ '7.28.5' ],
429 silly audit   '@babel/template': [ '7.27.2' ],
429 silly audit   '@babel/traverse': [ '7.28.5' ],
429 silly audit   '@babel/types': [ '7.28.5' ],
429 silly audit   '@emnapi/core': [ '1.8.1' ],
429 silly audit   '@emnapi/runtime': [ '1.8.1' ],
429 silly audit   '@emnapi/wasi-threads': [ '1.1.0' ],
429 silly audit   '@eslint-community/eslint-utils': [ '4.9.1' ],
429 silly audit   'eslint-visitor-keys': [ '3.4.3', '4.2.1' ],
429 silly audit   '@eslint-community/regexpp': [ '4.12.2' ],
429 silly audit   '@eslint/config-array': [ '0.21.1' ],
429 silly audit   '@eslint/config-helpers': [ '0.4.2' ],
429 silly audit   '@eslint/core': [ '0.17.0' ],
429 silly audit   '@eslint/eslintrc': [ '3.3.3' ],
429 silly audit   '@eslint/js': [ '9.39.2' ],
429 silly audit   '@eslint/object-schema': [ '2.1.7' ],
429 silly audit   '@eslint/plugin-kit': [ '0.4.1' ],
429 silly audit   '@gsap/react': [ '2.1.2' ],
429 silly audit   '@humanfs/core': [ '0.19.1' ],
429 silly audit   '@humanfs/node': [ '0.16.7' ],
429 silly audit   '@humanwhocodes/module-importer': [ '1.0.1' ],
429 silly audit   '@humanwhocodes/retry': [ '0.4.3' ],
429 silly audit   '@img/colour': [ '1.0.0' ],
429 silly audit   '@img/sharp-darwin-arm64': [ '0.34.5' ],
429 silly audit   '@img/sharp-darwin-x64': [ '0.34.5' ],
429 silly audit   '@img/sharp-libvips-darwin-arm64': [ '1.2.4' ],
429 silly audit   '@img/sharp-libvips-darwin-x64': [ '1.2.4' ],
429 silly audit   '@img/sharp-libvips-linux-arm': [ '1.2.4' ],
429 silly audit   '@img/sharp-libvips-linux-arm64': [ '1.2.4' ],
429 silly audit   '@img/sharp-libvips-linux-ppc64': [ '1.2.4' ],
429 silly audit   '@img/sharp-libvips-linux-riscv64': [ '1.2.4' ],
429 silly audit   '@img/sharp-libvips-linux-s390x': [ '1.2.4' ],
429 silly audit   '@img/sharp-libvips-linux-x64': [ '1.2.4' ],
429 silly audit   '@img/sharp-libvips-linuxmusl-arm64': [ '1.2.4' ],
429 silly audit   '@img/sharp-libvips-linuxmusl-x64': [ '1.2.4' ],
429 silly audit   '@img/sharp-linux-arm': [ '0.34.5' ],
429 silly audit   '@img/sharp-linux-arm64': [ '0.34.5' ],
429 silly audit   '@img/sharp-linux-ppc64': [ '0.34.5' ],
429 silly audit   '@img/sharp-linux-riscv64': [ '0.34.5' ],
429 silly audit   '@img/sharp-linux-s390x': [ '0.34.5' ],
429 silly audit   '@img/sharp-linux-x64': [ '0.34.5' ],
429 silly audit   '@img/sharp-linuxmusl-arm64': [ '0.34.5' ],
429 silly audit   '@img/sharp-linuxmusl-x64': [ '0.34.5' ],
429 silly audit   '@img/sharp-wasm32': [ '0.34.5' ],
429 silly audit   '@img/sharp-win32-arm64': [ '0.34.5' ],
429 silly audit   '@img/sharp-win32-ia32': [ '0.34.5' ],
429 silly audit   '@img/sharp-win32-x64': [ '0.34.5' ],
429 silly audit   '@jridgewell/gen-mapping': [ '0.3.13' ],
429 silly audit   '@jridgewell/remapping': [ '2.3.5' ],
429 silly audit   '@jridgewell/resolve-uri': [ '3.1.2' ],
429 silly audit   '@jridgewell/sourcemap-codec': [ '1.5.5' ],
429 silly audit   '@jridgewell/trace-mapping': [ '0.3.31' ],
429 silly audit   '@napi-rs/wasm-runtime': [ '0.2.12' ],
429 silly audit   '@next/env': [ '16.1.1' ],
429 silly audit   '@next/eslint-plugin-next': [ '16.1.1' ],
429 silly audit   '@next/swc-darwin-arm64': [ '16.1.1' ],
429 silly audit   '@next/swc-darwin-x64': [ '16.1.1' ],
429 silly audit   '@next/swc-linux-arm64-gnu': [ '16.1.1' ],
429 silly audit   '@next/swc-linux-arm64-musl': [ '16.1.1' ],
429 silly audit   '@next/swc-linux-x64-gnu': [ '16.1.1' ],
429 silly audit   '@next/swc-linux-x64-musl': [ '16.1.1' ],
429 silly audit   '@next/swc-win32-arm64-msvc': [ '16.1.1' ],
429 silly audit   '@next/swc-win32-x64-msvc': [ '16.1.1' ],
429 silly audit   '@nodelib/fs.scandir': [ '2.1.5' ],
429 silly audit   '@nodelib/fs.stat': [ '2.0.5' ],
429 silly audit   '@nodelib/fs.walk': [ '1.2.8' ],
429 silly audit   '@nolyfill/is-core-module': [ '1.0.39' ],
429 silly audit   '@rtsao/scc': [ '1.1.0' ],
429 silly audit   '@swc/helpers': [ '0.5.15' ],
429 silly audit   '@tybys/wasm-util': [ '0.10.1' ],
429 silly audit   '@types/estree': [ '1.0.8' ],
429 silly audit   '@types/json-schema': [ '7.0.15' ],
429 silly audit   '@types/json5': [ '0.0.29' ],
429 silly audit   '@types/node': [ '20.19.27' ],
429 silly audit   '@types/react': [ '19.2.7' ],
429 silly audit   '@types/react-dom': [ '19.2.3' ],
429 silly audit   '@typescript-eslint/eslint-plugin': [ '8.51.0' ],
429 silly audit   ignore: [ '7.0.5', '5.3.2' ],
429 silly audit   '@typescript-eslint/parser': [ '8.51.0' ],
429 silly audit   '@typescript-eslint/project-service': [ '8.51.0' ],
429 silly audit   '@typescript-eslint/scope-manager': [ '8.51.0' ],
429 silly audit   '@typescript-eslint/tsconfig-utils': [ '8.51.0' ],
429 silly audit   '@typescript-eslint/type-utils': [ '8.51.0' ],
429 silly audit   '@typescript-eslint/types': [ '8.51.0' ],
429 silly audit   '@typescript-eslint/typescript-estree': [ '8.51.0' ],
429 silly audit   'brace-expansion': [ '2.0.2', '1.1.12' ],
429 silly audit   minimatch: [ '9.0.5', '3.1.2' ],
429 silly audit   semver: [ '7.7.3', '6.3.1' ],
429 silly audit   '@typescript-eslint/utils': [ '8.51.0' ],
429 silly audit   '@typescript-eslint/visitor-keys': [ '8.51.0' ],
429 silly audit   '@unrs/resolver-binding-android-arm-eabi': [ '1.11.1' ],
429 silly audit   '@unrs/resolver-binding-android-arm64': [ '1.11.1' ],
429 silly audit   '@unrs/resolver-binding-darwin-arm64': [ '1.11.1' ],
429 silly audit   '@unrs/resolver-binding-darwin-x64': [ '1.11.1' ],
429 silly audit   '@unrs/resolver-binding-freebsd-x64': [ '1.11.1' ],
429 silly audit   '@unrs/resolver-binding-linux-arm-gnueabihf': [ '1.11.1' ],
429 silly audit   '@unrs/resolver-binding-linux-arm-musleabihf': [ '1.11.1' ],
429 silly audit   '@unrs/resolver-binding-linux-arm64-gnu': [ '1.11.1' ],
429 silly audit   '@unrs/resolver-binding-linux-arm64-musl': [ '1.11.1' ],
429 silly audit   '@unrs/resolver-binding-linux-ppc64-gnu': [ '1.11.1' ],
429 silly audit   '@unrs/resolver-binding-linux-riscv64-gnu': [ '1.11.1' ],
429 silly audit   '@unrs/resolver-binding-linux-riscv64-musl': [ '1.11.1' ],
429 silly audit   '@unrs/resolver-binding-linux-s390x-gnu': [ '1.11.1' ],
429 silly audit   '@unrs/resolver-binding-linux-x64-gnu': [ '1.11.1' ],
429 silly audit   '@unrs/resolver-binding-linux-x64-musl': [ '1.11.1' ],
429 silly audit   '@unrs/resolver-binding-wasm32-wasi': [ '1.11.1' ],
429 silly audit   '@unrs/resolver-binding-win32-arm64-msvc': [ '1.11.1' ],
429 silly audit   '@unrs/resolver-binding-win32-ia32-msvc': [ '1.11.1' ],
429 silly audit   '@unrs/resolver-binding-win32-x64-msvc': [ '1.11.1' ],
429 silly audit   acorn: [ '8.15.0' ],
429 silly audit   'acorn-jsx': [ '5.3.2' ],
429 silly audit   ajv: [ '6.12.6' ],
429 silly audit   'ansi-styles': [ '4.3.0' ],
429 silly audit   argparse: [ '2.0.1' ],
429 silly audit   'aria-query': [ '5.3.2' ],
429 silly audit   'array-buffer-byte-length': [ '1.0.2' ],
429 silly audit   'array-includes': [ '3.1.9' ],
429 silly audit   'array.prototype.findlast': [ '1.2.5' ],
429 silly audit   'array.prototype.findlastindex': [ '1.2.6' ],
429 silly audit   'array.prototype.flat': [ '1.3.3' ],
429 silly audit   'array.prototype.flatmap': [ '1.3.3' ],
429 silly audit   'array.prototype.tosorted': [ '1.1.4' ],
429 silly audit   'arraybuffer.prototype.slice': [ '1.0.4' ],
429 silly audit   'ast-types-flow': [ '0.0.8' ],
429 silly audit   'async-function': [ '1.0.0' ],
429 silly audit   'available-typed-arrays': [ '1.0.7' ],
429 silly audit   'axe-core': [ '4.11.0' ],
429 silly audit   'axobject-query': [ '4.1.0' ],
429 silly audit   'babel-plugin-react-compiler': [ '1.0.0' ],
429 silly audit   'balanced-match': [ '1.0.2' ],
429 silly audit   'baseline-browser-mapping': [ '2.9.11' ],
429 silly audit   braces: [ '3.0.3' ],
429 silly audit   browserslist: [ '4.28.1' ],
429 silly audit   'call-bind': [ '1.0.8' ],
429 silly audit   'call-bind-apply-helpers': [ '1.0.2' ],
429 silly audit   'call-bound': [ '1.0.4' ],
429 silly audit   callsites: [ '3.1.0' ],
429 silly audit   'caniuse-lite': [ '1.0.30001762' ],
429 silly audit   chalk: [ '4.1.2' ],
429 silly audit   'client-only': [ '0.0.1' ],
429 silly audit   clsx: [ '2.1.1' ],
429 silly audit   'color-convert': [ '2.0.1' ],
429 silly audit   'color-name': [ '1.1.4' ],
429 silly audit   'concat-map': [ '0.0.1' ],
429 silly audit   'convert-source-map': [ '2.0.0' ],
429 silly audit   'cross-spawn': [ '7.0.6' ],
429 silly audit   csstype: [ '3.2.3' ],
429 silly audit   'damerau-levenshtein': [ '1.0.8' ],
429 silly audit   'data-view-buffer': [ '1.0.2' ],
429 silly audit   'data-view-byte-length': [ '1.0.2' ],
429 silly audit   'data-view-byte-offset': [ '1.0.1' ],
429 silly audit   debug: [ '4.4.3', '3.2.7' ],
429 silly audit   'deep-is': [ '0.1.4' ],
429 silly audit   'define-data-property': [ '1.1.4' ],
429 silly audit   'define-properties': [ '1.2.1' ],
429 silly audit   'detect-libc': [ '2.1.2' ],
429 silly audit   doctrine: [ '2.1.0' ],
429 silly audit   'dunder-proto': [ '1.0.1' ],
429 silly audit   'electron-to-chromium': [ '1.5.267' ],
429 silly audit   'emoji-regex': [ '9.2.2' ],
429 silly audit   'es-abstract': [ '1.24.1' ],
429 silly audit   'es-define-property': [ '1.0.1' ],
429 silly audit   'es-errors': [ '1.3.0' ],
429 silly audit   'es-iterator-helpers': [ '1.2.2' ],
429 silly audit   'es-object-atoms': [ '1.1.1' ],
429 silly audit   'es-set-tostringtag': [ '2.1.0' ],
429 silly audit   'es-shim-unscopables': [ '1.1.0' ],
429 silly audit   'es-to-primitive': [ '1.3.0' ],
429 silly audit   escalade: [ '3.2.0' ],
429 silly audit   'escape-string-regexp': [ '4.0.0' ],
429 silly audit   eslint: [ '9.39.2' ],
429 silly audit   'eslint-config-next': [ '16.1.1' ],
429 silly audit   globals: [ '16.4.0', '14.0.0' ],
429 silly audit   'eslint-import-resolver-node': [ '0.3.9' ],
429 silly audit   'eslint-import-resolver-typescript': [ '3.10.1' ],
429 silly audit   'eslint-module-utils': [ '2.12.1' ],
429 silly audit   'eslint-plugin-import': [ '2.32.0' ],
429 silly audit   'eslint-plugin-jsx-a11y': [ '6.10.2' ],
429 silly audit   'eslint-plugin-react': [ '7.37.5' ],
429 silly audit   'eslint-plugin-react-hooks': [ '7.0.1' ],
429 silly audit   resolve: [ '2.0.0-next.5', '1.22.11' ],
429 silly audit   'eslint-scope': [ '8.4.0' ],
429 silly audit   espree: [ '10.4.0' ],
429 silly audit   esquery: [ '1.7.0' ],
429 silly audit   esrecurse: [ '4.3.0' ],
429 silly audit   estraverse: [ '5.3.0' ],
429 silly audit   esutils: [ '2.0.3' ],
429 silly audit   'fast-deep-equal': [ '3.1.3' ],
429 silly audit   'fast-glob': [ '3.3.1' ],
429 silly audit   'glob-parent': [ '5.1.2', '6.0.2' ],
429 silly audit   'fast-json-stable-stringify': [ '2.1.0' ],
429 silly audit   'fast-levenshtein': [ '2.0.6' ],
429 silly audit   fastq: [ '1.20.1' ],
429 silly audit   'file-entry-cache': [ '8.0.0' ],
429 silly audit   'fill-range': [ '7.1.1' ],
429 silly audit   'find-up': [ '5.0.0' ],
429 silly audit   'flat-cache': [ '4.0.1' ],
429 silly audit   flatted: [ '3.3.3' ],
429 silly audit   'for-each': [ '0.3.5' ],
429 silly audit   'framer-motion': [ '12.24.0' ],
429 silly audit   'function-bind': [ '1.1.2' ],
429 silly audit   'function.prototype.name': [ '1.1.8' ],
429 silly audit   'functions-have-names': [ '1.2.3' ],
429 silly audit   'generator-function': [ '2.0.1' ],
429 silly audit   gensync: [ '1.0.0-beta.2' ],
429 silly audit   'get-intrinsic': [ '1.3.0' ],
429 silly audit   'get-proto': [ '1.0.1' ],
429 silly audit   'get-symbol-description': [ '1.1.0' ],
429 silly audit   'get-tsconfig': [ '4.13.0' ],
429 silly audit   globalthis: [ '1.0.4' ],
429 silly audit   gopd: [ '1.2.0' ],
429 silly audit   gsap: [ '3.14.2' ],
429 silly audit   'has-bigints': [ '1.1.0' ],
429 silly audit   'has-flag': [ '4.0.0' ],
429 silly audit   'has-property-descriptors': [ '1.0.2' ],
429 silly audit   'has-proto': [ '1.2.0' ],
429 silly audit   'has-symbols': [ '1.1.0' ],
429 silly audit   'has-tostringtag': [ '1.0.2' ],
429 silly audit   hasown: [ '2.0.2' ],
429 silly audit   'hermes-estree': [ '0.25.1' ],
429 silly audit   'hermes-parser': [ '0.25.1' ],
429 silly audit   'import-fresh': [ '3.3.1' ],
429 silly audit   imurmurhash: [ '0.1.4' ],
429 silly audit   'internal-slot': [ '1.1.0' ],
429 silly audit   'is-array-buffer': [ '3.0.5' ],
429 silly audit   'is-async-function': [ '2.1.1' ],
429 silly audit   'is-bigint': [ '1.1.0' ],
429 silly audit   'is-boolean-object': [ '1.2.2' ],
429 silly audit   'is-bun-module': [ '2.0.0' ],
429 silly audit   'is-callable': [ '1.2.7' ],
429 silly audit   'is-core-module': [ '2.16.1' ],
429 silly audit   'is-data-view': [ '1.0.2' ],
429 silly audit   'is-date-object': [ '1.1.0' ],
429 silly audit   'is-extglob': [ '2.1.1' ],
429 silly audit   'is-finalizationregistry': [ '1.1.1' ],
429 silly audit   'is-generator-function': [ '1.1.2' ],
429 silly audit   'is-glob': [ '4.0.3' ],
429 silly audit   'is-map': [ '2.0.3' ],
429 silly audit   'is-negative-zero': [ '2.0.3' ],
429 silly audit   'is-number': [ '7.0.0' ],
429 silly audit   'is-number-object': [ '1.1.1' ],
429 silly audit   'is-regex': [ '1.2.1' ],
429 silly audit   'is-set': [ '2.0.3' ],
429 silly audit   'is-shared-array-buffer': [ '1.0.4' ],
429 silly audit   'is-string': [ '1.1.1' ],
429 silly audit   'is-symbol': [ '1.1.1' ],
429 silly audit   'is-typed-array': [ '1.1.15' ],
429 silly audit   'is-weakmap': [ '2.0.2' ],
429 silly audit   'is-weakref': [ '1.1.1' ],
429 silly audit   'is-weakset': [ '2.0.4' ],
429 silly audit   isarray: [ '2.0.5' ],
429 silly audit   isexe: [ '2.0.0' ],
429 silly audit   'iterator.prototype': [ '1.1.5' ],
429 silly audit   'js-tokens': [ '4.0.0' ],
429 silly audit   'js-yaml': [ '4.1.1' ],
429 silly audit   jsesc: [ '3.1.0' ],
429 silly audit   'json-buffer': [ '3.0.1' ],
429 silly audit   'json-schema-traverse': [ '0.4.1' ],
429 silly audit   'json-stable-stringify-without-jsonify': [ '1.0.1' ],
429 silly audit   json5: [ '2.2.3', '1.0.2' ],
429 silly audit   'jsx-ast-utils': [ '3.3.5' ],
429 silly audit   keyv: [ '4.5.4' ],
429 silly audit   'language-subtag-registry': [ '0.3.23' ],
429 silly audit   'language-tags': [ '1.0.9' ],
429 silly audit   levn: [ '0.4.1' ],
429 silly audit   'locate-path': [ '6.0.0' ],
429 silly audit   'lodash.merge': [ '4.6.2' ],
429 silly audit   'loose-envify': [ '1.4.0' ],
429 silly audit   'lru-cache': [ '5.1.1' ],
429 silly audit   'math-intrinsics': [ '1.1.0' ],
429 silly audit   merge2: [ '1.4.1' ],
429 silly audit   micromatch: [ '4.0.8' ],
429 silly audit   minimist: [ '1.2.8' ],
429 silly audit   motion: [ '12.24.0' ],
429 silly audit   'motion-dom': [ '12.24.0' ],
429 silly audit   'motion-utils': [ '12.23.28' ],
429 silly audit   ms: [ '2.1.3' ],
429 silly audit   nanoid: [ '3.3.11' ],
429 silly audit   'napi-postinstall': [ '0.3.4' ],
429 silly audit   'natural-compare': [ '1.4.0' ],
429 silly audit   next: [ '16.1.1' ],
429 silly audit   'node-releases': [ '2.0.27' ],
429 silly audit   'object-assign': [ '4.1.1' ],
429 silly audit   'object-inspect': [ '1.13.4' ],
429 silly audit   'object-keys': [ '1.1.1' ],
429 silly audit   'object.assign': [ '4.1.7' ],
429 silly audit   'object.entries': [ '1.1.9' ],
429 silly audit   'object.fromentries': [ '2.0.8' ],
429 silly audit   'object.groupby': [ '1.0.3' ],
429 silly audit   'object.values': [ '1.2.1' ],
429 silly audit   optionator: [ '0.9.4' ],
429 silly audit   'own-keys': [ '1.0.1' ],
429 silly audit   'p-limit': [ '3.1.0' ],
429 silly audit   'p-locate': [ '5.0.0' ],
429 silly audit   'parent-module': [ '1.0.1' ],
429 silly audit   'path-exists': [ '4.0.0' ],
429 silly audit   'path-key': [ '3.1.1' ],
429 silly audit   'path-parse': [ '1.0.7' ],
429 silly audit   picocolors: [ '1.1.1' ],
429 silly audit   picomatch: [ '2.3.1', '4.0.3' ],
429 silly audit   'possible-typed-array-names': [ '1.1.0' ],
429 silly audit   postcss: [ '8.4.31' ],
429 silly audit   'prelude-ls': [ '1.2.1' ],
429 silly audit   'prop-types': [ '15.8.1' ],
429 silly audit   punycode: [ '2.3.1' ],
429 silly audit   'queue-microtask': [ '1.2.3' ],
429 silly audit   react: [ '19.2.3' ],
429 silly audit   'react-dom': [ '19.2.3' ],
429 silly audit   'react-is': [ '16.13.1' ],
429 silly audit   'reflect.getprototypeof': [ '1.0.10' ],
429 silly audit   'regexp.prototype.flags': [ '1.5.4' ],
429 silly audit   'resolve-from': [ '4.0.0' ],
429 silly audit   'resolve-pkg-maps': [ '1.0.0' ],
429 silly audit   reusify: [ '1.1.0' ],
429 silly audit   'run-parallel': [ '1.2.0' ],
429 silly audit   'safe-array-concat': [ '1.1.3' ],
429 silly audit   'safe-push-apply': [ '1.0.0' ],
429 silly audit   'safe-regex-test': [ '1.1.0' ],
429 silly audit   scheduler: [ '0.27.0' ],
429 silly audit   'set-function-length': [ '1.2.2' ],
429 silly audit   'set-function-name': [ '2.0.2' ],
429 silly audit   'set-proto': [ '1.0.0' ],
429 silly audit   sharp: [ '0.34.5' ],
429 silly audit   'shebang-command': [ '2.0.0' ],
429 silly audit   'shebang-regex': [ '3.0.0' ],
429 silly audit   'side-channel': [ '1.1.0' ],
429 silly audit   'side-channel-list': [ '1.0.0' ],
429 silly audit   'side-channel-map': [ '1.0.1' ],
429 silly audit   'side-channel-weakmap': [ '1.0.2' ],
429 silly audit   'source-map-js': [ '1.2.1' ],
429 silly audit   'stable-hash': [ '0.0.5' ],
429 silly audit   'stop-iteration-iterator': [ '1.1.0' ],
429 silly audit   'string.prototype.includes': [ '2.0.1' ],
429 silly audit   'string.prototype.matchall': [ '4.0.12' ],
429 silly audit   'string.prototype.repeat': [ '1.0.0' ],
429 silly audit   'string.prototype.trim': [ '1.2.10' ],
429 silly audit   'string.prototype.trimend': [ '1.0.9' ],
429 silly audit   'string.prototype.trimstart': [ '1.0.8' ],
429 silly audit   'strip-bom': [ '3.0.0' ],
429 silly audit   'strip-json-comments': [ '3.1.1' ],
429 silly audit   'styled-jsx': [ '5.1.6' ],
429 silly audit   'supports-color': [ '7.2.0' ],
429 silly audit   'supports-preserve-symlinks-flag': [ '1.0.0' ],
429 silly audit   'tailwind-merge': [ '3.4.0' ],
429 silly audit   tinyglobby: [ '0.2.15' ],
429 silly audit   fdir: [ '6.5.0' ],
429 silly audit   'to-regex-range': [ '5.0.1' ],
429 silly audit   'ts-api-utils': [ '2.4.0' ],
429 silly audit   'tsconfig-paths': [ '3.15.0' ],
429 silly audit   tslib: [ '2.8.1' ],
429 silly audit   'type-check': [ '0.4.0' ],
429 silly audit   'typed-array-buffer': [ '1.0.3' ],
429 silly audit   'typed-array-byte-length': [ '1.0.3' ],
429 silly audit   'typed-array-byte-offset': [ '1.0.4' ],
429 silly audit   'typed-array-length': [ '1.0.7' ],
429 silly audit   typescript: [ '5.9.3' ],
429 silly audit   'typescript-eslint': [ '8.51.0' ],
429 silly audit   'unbox-primitive': [ '1.1.0' ],
429 silly audit   'undici-types': [ '6.21.0' ],
429 silly audit   'unrs-resolver': [ '1.11.1' ],
429 silly audit   'update-browserslist-db': [ '1.2.3' ],
429 silly audit   'uri-js': [ '4.4.1' ],
429 silly audit   which: [ '2.0.2' ],
429 silly audit   'which-boxed-primitive': [ '1.1.1' ],
429 silly audit   'which-builtin-type': [ '1.2.1' ],
429 silly audit   'which-collection': [ '1.0.2' ],
429 silly audit   'which-typed-array': [ '1.1.19' ],
429 silly audit   'word-wrap': [ '1.2.5' ],
429 silly audit   yallist: [ '3.1.1' ],
429 silly audit   'yocto-queue': [ '0.1.0' ],
429 silly audit   zod: [ '4.3.5' ],
429 silly audit   'zod-validation-error': [ '4.0.2' ],
429 silly audit   '@react-three/drei': [ '10.7.7' ],
429 silly audit   '@react-three/fiber': [ '9.5.0' ],
429 silly audit   '@types/three': [ '0.182.0' ],
429 silly audit   three: [ '0.182.0', '0.170.0' ],
429 silly audit   '@babel/runtime': [ '7.28.4' ],
429 silly audit   '@mediapipe/tasks-vision': [ '0.10.17' ],
429 silly audit   '@monogrid/gainmap-js': [ '3.4.0' ],
429 silly audit   '@use-gesture/react': [ '10.3.1' ],
429 silly audit   'camera-controls': [ '3.1.2' ],
429 silly audit   'cross-env': [ '7.0.3' ],
429 silly audit   'detect-gpu': [ '5.0.70' ],
429 silly audit   'glsl-noise': [ '0.0.0' ],
429 silly audit   'hls.js': [ '1.6.15' ],
429 silly audit   maath: [ '0.10.8' ],
429 silly audit   meshline: [ '3.3.1' ],
429 silly audit   'stats-gl': [ '2.4.2' ],
429 silly audit   'stats.js': [ '0.17.0' ],
429 silly audit   'suspend-react': [ '0.1.3' ],
429 silly audit   'three-mesh-bvh': [ '0.8.3' ],
429 silly audit   'three-stdlib': [ '2.36.1' ],
429 silly audit   'troika-three-text': [ '0.52.4' ],
429 silly audit   'tunnel-rat': [ '0.1.2' ],
429 silly audit   'use-sync-external-store': [ '1.6.0' ],
429 silly audit   'utility-types': [ '3.11.0' ],
429 silly audit   zustand: [ '5.0.9', '4.5.7' ],
429 silly audit   'promise-worker-transferable': [ '1.0.4' ],
429 silly audit   '@types/webxr': [ '0.5.24' ],
429 silly audit   'base64-js': [ '1.5.1' ],
429 silly audit   buffer: [ '6.0.3' ],
429 silly audit   'its-fine': [ '2.0.0' ],
429 silly audit   'react-use-measure': [ '2.1.7' ],
429 silly audit   '@dimforge/rapier3d-compat': [ '0.12.0' ],
429 silly audit   '@tweenjs/tween.js': [ '23.1.3' ],
429 silly audit   '@types/stats.js': [ '0.17.4' ],
429 silly audit   '@webgpu/types': [ '0.1.68' ],
429 silly audit   fflate: [ '0.8.2', '0.6.10' ],
429 silly audit   meshoptimizer: [ '0.22.0' ],
429 silly audit   '@use-gesture/core': [ '10.3.1' ],
429 silly audit   ieee754: [ '1.2.1' ],
429 silly audit   'webgl-constants': [ '1.1.1' ],
429 silly audit   '@types/react-reconciler': [ '0.28.9' ],
429 silly audit   'is-promise': [ '2.2.2' ],
429 silly audit   lie: [ '3.3.0' ],
429 silly audit   immediate: [ '3.0.6' ],
429 silly audit   '@types/draco3d': [ '1.4.10' ],
429 silly audit   '@types/offscreencanvas': [ '2019.7.3' ],
429 silly audit   draco3d: [ '1.5.7' ],
429 silly audit   potpack: [ '1.0.2' ],
429 silly audit   'bidi-js': [ '1.0.3' ],
429 silly audit   'troika-three-utils': [ '0.52.4' ],
429 silly audit   'troika-worker-utils': [ '0.52.0' ],
429 silly audit   'webgl-sdf-generator': [ '1.1.1' ],
429 silly audit   'require-from-string': [ '2.0.2' ]
429 silly audit }
430 http cache require-from-string@https://registry.npmjs.org/require-from-string/-/require-from-string-2.0.2.tgz 0ms (cache hit)
431 http cache troika-worker-utils@https://registry.npmjs.org/troika-worker-utils/-/troika-worker-utils-0.52.0.tgz 0ms (cache hit)
432 http cache troika-three-utils@https://registry.npmjs.org/troika-three-utils/-/troika-three-utils-0.52.4.tgz 0ms (cache hit)
433 http cache webgl-sdf-generator@https://registry.npmjs.org/webgl-sdf-generator/-/webgl-sdf-generator-1.1.1.tgz 0ms (cache hit)
434 http cache potpack@https://registry.npmjs.org/potpack/-/potpack-1.0.2.tgz 0ms (cache hit)
435 http cache draco3d@https://registry.npmjs.org/draco3d/-/draco3d-1.5.7.tgz 0ms (cache hit)
436 http cache bidi-js@https://registry.npmjs.org/bidi-js/-/bidi-js-1.0.3.tgz 0ms (cache hit)
437 http cache @types/offscreencanvas@https://registry.npmjs.org/@types/offscreencanvas/-/offscreencanvas-2019.7.3.tgz 0ms (cache hit)
438 http cache immediate@https://registry.npmjs.org/immediate/-/immediate-3.0.6.tgz 0ms (cache hit)
439 http cache @types/draco3d@https://registry.npmjs.org/@types/draco3d/-/draco3d-1.4.10.tgz 0ms (cache hit)
440 http cache lie@https://registry.npmjs.org/lie/-/lie-3.3.0.tgz 0ms (cache hit)
441 http cache webgl-constants@https://registry.npmjs.org/webgl-constants/-/webgl-constants-1.1.1.tgz 0ms (cache hit)
442 http cache @types/react-reconciler@https://registry.npmjs.org/@types/react-reconciler/-/react-reconciler-0.28.9.tgz 0ms (cache hit)
443 http cache ieee754@https://registry.npmjs.org/ieee754/-/ieee754-1.2.1.tgz 0ms (cache hit)
444 http cache @use-gesture/core@https://registry.npmjs.org/@use-gesture/core/-/core-10.3.1.tgz 0ms (cache hit)
445 http cache fflate@https://registry.npmjs.org/fflate/-/fflate-0.8.2.tgz 0ms (cache hit)
446 http cache is-promise@https://registry.npmjs.org/is-promise/-/is-promise-2.2.2.tgz 0ms (cache hit)
447 http cache @webgpu/types@https://registry.npmjs.org/@webgpu/types/-/types-0.1.68.tgz 0ms (cache hit)
448 http cache @types/stats.js@https://registry.npmjs.org/@types/stats.js/-/stats.js-0.17.4.tgz 0ms (cache hit)
449 http cache @tweenjs/tween.js@https://registry.npmjs.org/@tweenjs/tween.js/-/tween.js-23.1.3.tgz 0ms (cache hit)
450 http cache @dimforge/rapier3d-compat@https://registry.npmjs.org/@dimforge/rapier3d-compat/-/rapier3d-compat-0.12.0.tgz 0ms (cache hit)
451 http cache react-use-measure@https://registry.npmjs.org/react-use-measure/-/react-use-measure-2.1.7.tgz 0ms (cache hit)
452 http cache its-fine@https://registry.npmjs.org/its-fine/-/its-fine-2.0.0.tgz 0ms (cache hit)
453 http cache buffer@https://registry.npmjs.org/buffer/-/buffer-6.0.3.tgz 0ms (cache hit)
454 http cache @types/webxr@https://registry.npmjs.org/@types/webxr/-/webxr-0.5.24.tgz 0ms (cache hit)
455 http cache promise-worker-transferable@https://registry.npmjs.org/promise-worker-transferable/-/promise-worker-transferable-1.0.4.tgz 0ms (cache hit)
456 http cache zustand@https://registry.npmjs.org/zustand/-/zustand-5.0.9.tgz 0ms (cache hit)
457 http cache utility-types@https://registry.npmjs.org/utility-types/-/utility-types-3.11.0.tgz 0ms (cache hit)
458 http cache use-sync-external-store@https://registry.npmjs.org/use-sync-external-store/-/use-sync-external-store-1.6.0.tgz 0ms (cache hit)
459 http cache meshoptimizer@https://registry.npmjs.org/meshoptimizer/-/meshoptimizer-0.22.0.tgz 0ms (cache hit)
460 http cache troika-three-text@https://registry.npmjs.org/troika-three-text/-/troika-three-text-0.52.4.tgz 0ms (cache hit)
461 http cache three-stdlib@https://registry.npmjs.org/three-stdlib/-/three-stdlib-2.36.1.tgz 0ms (cache hit)
462 http cache three-mesh-bvh@https://registry.npmjs.org/three-mesh-bvh/-/three-mesh-bvh-0.8.3.tgz 0ms (cache hit)
463 http cache suspend-react@https://registry.npmjs.org/suspend-react/-/suspend-react-0.1.3.tgz 0ms (cache hit)
464 http cache stats.js@https://registry.npmjs.org/stats.js/-/stats.js-0.17.0.tgz 0ms (cache hit)
465 http cache stats-gl@https://registry.npmjs.org/stats-gl/-/stats-gl-2.4.2.tgz 0ms (cache hit)
466 http cache meshline@https://registry.npmjs.org/meshline/-/meshline-3.3.1.tgz 0ms (cache hit)
467 http cache tunnel-rat@https://registry.npmjs.org/tunnel-rat/-/tunnel-rat-0.1.2.tgz 0ms (cache hit)
468 http cache hls.js@https://registry.npmjs.org/hls.js/-/hls.js-1.6.15.tgz 0ms (cache hit)
469 http cache glsl-noise@https://registry.npmjs.org/glsl-noise/-/glsl-noise-0.0.0.tgz 0ms (cache hit)
470 http cache detect-gpu@https://registry.npmjs.org/detect-gpu/-/detect-gpu-5.0.70.tgz 0ms (cache hit)
471 http cache base64-js@https://registry.npmjs.org/base64-js/-/base64-js-1.5.1.tgz 0ms (cache hit)
472 http cache cross-env@https://registry.npmjs.org/cross-env/-/cross-env-7.0.3.tgz 0ms (cache hit)
473 http cache camera-controls@https://registry.npmjs.org/camera-controls/-/camera-controls-3.1.2.tgz 0ms (cache hit)
474 http cache @use-gesture/react@https://registry.npmjs.org/@use-gesture/react/-/react-10.3.1.tgz 0ms (cache hit)
475 http cache @monogrid/gainmap-js@https://registry.npmjs.org/@monogrid/gainmap-js/-/gainmap-js-3.4.0.tgz 0ms (cache hit)
476 http cache @mediapipe/tasks-vision@https://registry.npmjs.org/@mediapipe/tasks-vision/-/tasks-vision-0.10.17.tgz 0ms (cache hit)
477 http cache @babel/runtime@https://registry.npmjs.org/@babel/runtime/-/runtime-7.28.4.tgz 0ms (cache hit)
478 http cache three@https://registry.npmjs.org/three/-/three-0.182.0.tgz 0ms (cache hit)
479 http cache @types/three@https://registry.npmjs.org/@types/three/-/three-0.182.0.tgz 0ms (cache hit)
480 http cache @react-three/fiber@https://registry.npmjs.org/@react-three/fiber/-/fiber-9.5.0.tgz 0ms (cache hit)
481 http cache maath@https://registry.npmjs.org/maath/-/maath-0.10.8.tgz 0ms (cache hit)
482 http cache @react-three/drei@https://registry.npmjs.org/@react-three/drei/-/drei-10.7.7.tgz 0ms (cache hit)
483 http cache three@https://registry.npmjs.org/three/-/three-0.170.0.tgz 0ms (cache hit)
484 http cache fflate@https://registry.npmjs.org/fflate/-/fflate-0.6.10.tgz 0ms (cache hit)
485 http cache zustand@https://registry.npmjs.org/zustand/-/zustand-4.5.7.tgz 0ms (cache hit)
486 silly tarball no local data for require-from-string@https://registry.npmjs.org/require-from-string/-/require-from-string-2.0.2.tgz. Extracting by manifest.
487 silly tarball no local data for troika-worker-utils@https://registry.npmjs.org/troika-worker-utils/-/troika-worker-utils-0.52.0.tgz. Extracting by manifest.
488 silly tarball no local data for troika-three-utils@https://registry.npmjs.org/troika-three-utils/-/troika-three-utils-0.52.4.tgz. Extracting by manifest.
489 silly tarball no local data for webgl-sdf-generator@https://registry.npmjs.org/webgl-sdf-generator/-/webgl-sdf-generator-1.1.1.tgz. Extracting by manifest.
490 silly tarball no local data for potpack@https://registry.npmjs.org/potpack/-/potpack-1.0.2.tgz. Extracting by manifest.
491 silly tarball no local data for draco3d@https://registry.npmjs.org/draco3d/-/draco3d-1.5.7.tgz. Extracting by manifest.
492 silly tarball no local data for bidi-js@https://registry.npmjs.org/bidi-js/-/bidi-js-1.0.3.tgz. Extracting by manifest.
493 silly tarball no local data for @types/offscreencanvas@https://registry.npmjs.org/@types/offscreencanvas/-/offscreencanvas-2019.7.3.tgz. Extracting by manifest.
494 silly tarball no local data for immediate@https://registry.npmjs.org/immediate/-/immediate-3.0.6.tgz. Extracting by manifest.
495 silly tarball no local data for @types/draco3d@https://registry.npmjs.org/@types/draco3d/-/draco3d-1.4.10.tgz. Extracting by manifest.
496 silly tarball no local data for lie@https://registry.npmjs.org/lie/-/lie-3.3.0.tgz. Extracting by manifest.
497 silly tarball no local data for webgl-constants@https://registry.npmjs.org/webgl-constants/-/webgl-constants-1.1.1.tgz. Extracting by manifest.
498 silly tarball no local data for @types/react-reconciler@https://registry.npmjs.org/@types/react-reconciler/-/react-reconciler-0.28.9.tgz. Extracting by manifest.
499 silly tarball no local data for ieee754@https://registry.npmjs.org/ieee754/-/ieee754-1.2.1.tgz. Extracting by manifest.
500 silly tarball no local data for @use-gesture/core@https://registry.npmjs.org/@use-gesture/core/-/core-10.3.1.tgz. Extracting by manifest.
501 silly tarball no local data for fflate@https://registry.npmjs.org/fflate/-/fflate-0.8.2.tgz. Extracting by manifest.
502 silly tarball no local data for is-promise@https://registry.npmjs.org/is-promise/-/is-promise-2.2.2.tgz. Extracting by manifest.
503 silly tarball no local data for @webgpu/types@https://registry.npmjs.org/@webgpu/types/-/types-0.1.68.tgz. Extracting by manifest.
504 silly tarball no local data for @types/stats.js@https://registry.npmjs.org/@types/stats.js/-/stats.js-0.17.4.tgz. Extracting by manifest.
505 silly tarball no local data for @tweenjs/tween.js@https://registry.npmjs.org/@tweenjs/tween.js/-/tween.js-23.1.3.tgz. Extracting by manifest.
506 silly tarball no local data for @dimforge/rapier3d-compat@https://registry.npmjs.org/@dimforge/rapier3d-compat/-/rapier3d-compat-0.12.0.tgz. Extracting by manifest.
507 silly tarball no local data for react-use-measure@https://registry.npmjs.org/react-use-measure/-/react-use-measure-2.1.7.tgz. Extracting by manifest.
508 silly tarball no local data for its-fine@https://registry.npmjs.org/its-fine/-/its-fine-2.0.0.tgz. Extracting by manifest.
509 silly tarball no local data for buffer@https://registry.npmjs.org/buffer/-/buffer-6.0.3.tgz. Extracting by manifest.
510 silly tarball no local data for @types/webxr@https://registry.npmjs.org/@types/webxr/-/webxr-0.5.24.tgz. Extracting by manifest.
511 silly tarball no local data for promise-worker-transferable@https://registry.npmjs.org/promise-worker-transferable/-/promise-worker-transferable-1.0.4.tgz. Extracting by manifest.
512 silly tarball no local data for zustand@https://registry.npmjs.org/zustand/-/zustand-5.0.9.tgz. Extracting by manifest.
513 silly tarball no local data for utility-types@https://registry.npmjs.org/utility-types/-/utility-types-3.11.0.tgz. Extracting by manifest.
514 silly tarball no local data for use-sync-external-store@https://registry.npmjs.org/use-sync-external-store/-/use-sync-external-store-1.6.0.tgz. Extracting by manifest.
515 silly tarball no local data for meshoptimizer@https://registry.npmjs.org/meshoptimizer/-/meshoptimizer-0.22.0.tgz. Extracting by manifest.
516 silly tarball no local data for troika-three-text@https://registry.npmjs.org/troika-three-text/-/troika-three-text-0.52.4.tgz. Extracting by manifest.
517 silly tarball no local data for three-stdlib@https://registry.npmjs.org/three-stdlib/-/three-stdlib-2.36.1.tgz. Extracting by manifest.
518 silly tarball no local data for three-mesh-bvh@https://registry.npmjs.org/three-mesh-bvh/-/three-mesh-bvh-0.8.3.tgz. Extracting by manifest.
519 silly tarball no local data for suspend-react@https://registry.npmjs.org/suspend-react/-/suspend-react-0.1.3.tgz. Extracting by manifest.
520 silly tarball no local data for stats.js@https://registry.npmjs.org/stats.js/-/stats.js-0.17.0.tgz. Extracting by manifest.
521 silly tarball no local data for stats-gl@https://registry.npmjs.org/stats-gl/-/stats-gl-2.4.2.tgz. Extracting by manifest.
522 silly tarball no local data for meshline@https://registry.npmjs.org/meshline/-/meshline-3.3.1.tgz. Extracting by manifest.
523 silly tarball no local data for tunnel-rat@https://registry.npmjs.org/tunnel-rat/-/tunnel-rat-0.1.2.tgz. Extracting by manifest.
524 silly tarball no local data for hls.js@https://registry.npmjs.org/hls.js/-/hls.js-1.6.15.tgz. Extracting by manifest.
525 silly tarball no local data for glsl-noise@https://registry.npmjs.org/glsl-noise/-/glsl-noise-0.0.0.tgz. Extracting by manifest.
526 silly tarball no local data for detect-gpu@https://registry.npmjs.org/detect-gpu/-/detect-gpu-5.0.70.tgz. Extracting by manifest.
527 silly tarball no local data for base64-js@https://registry.npmjs.org/base64-js/-/base64-js-1.5.1.tgz. Extracting by manifest.
528 silly tarball no local data for cross-env@https://registry.npmjs.org/cross-env/-/cross-env-7.0.3.tgz. Extracting by manifest.
529 silly tarball no local data for camera-controls@https://registry.npmjs.org/camera-controls/-/camera-controls-3.1.2.tgz. Extracting by manifest.
530 silly tarball no local data for @use-gesture/react@https://registry.npmjs.org/@use-gesture/react/-/react-10.3.1.tgz. Extracting by manifest.
531 silly tarball no local data for @monogrid/gainmap-js@https://registry.npmjs.org/@monogrid/gainmap-js/-/gainmap-js-3.4.0.tgz. Extracting by manifest.
532 silly tarball no local data for @mediapipe/tasks-vision@https://registry.npmjs.org/@mediapipe/tasks-vision/-/tasks-vision-0.10.17.tgz. Extracting by manifest.
533 silly tarball no local data for @babel/runtime@https://registry.npmjs.org/@babel/runtime/-/runtime-7.28.4.tgz. Extracting by manifest.
534 silly tarball no local data for three@https://registry.npmjs.org/three/-/three-0.182.0.tgz. Extracting by manifest.
535 silly tarball no local data for @types/three@https://registry.npmjs.org/@types/three/-/three-0.182.0.tgz. Extracting by manifest.
536 silly tarball no local data for @react-three/fiber@https://registry.npmjs.org/@react-three/fiber/-/fiber-9.5.0.tgz. Extracting by manifest.
537 silly tarball no local data for maath@https://registry.npmjs.org/maath/-/maath-0.10.8.tgz. Extracting by manifest.
538 silly tarball no local data for @react-three/drei@https://registry.npmjs.org/@react-three/drei/-/drei-10.7.7.tgz. Extracting by manifest.
539 silly tarball no local data for three@https://registry.npmjs.org/three/-/three-0.170.0.tgz. Extracting by manifest.
540 silly tarball no local data for fflate@https://registry.npmjs.org/fflate/-/fflate-0.6.10.tgz. Extracting by manifest.
541 silly tarball no local data for zustand@https://registry.npmjs.org/zustand/-/zustand-4.5.7.tgz. Extracting by manifest.
542 http fetch GET 200 https://registry.npmjs.org/require-from-string/-/require-from-string-2.0.2.tgz 56ms (cache miss)
543 http fetch GET 200 https://registry.npmjs.org/webgl-sdf-generator/-/webgl-sdf-generator-1.1.1.tgz 56ms (cache miss)
544 http fetch GET 200 https://registry.npmjs.org/troika-worker-utils/-/troika-worker-utils-0.52.0.tgz 72ms (cache miss)
545 http fetch GET 200 https://registry.npmjs.org/is-promise/-/is-promise-2.2.2.tgz 100ms (cache miss)
546 http fetch GET 200 https://registry.npmjs.org/immediate/-/immediate-3.0.6.tgz 113ms (cache miss)
547 http fetch GET 200 https://registry.npmjs.org/webgl-constants/-/webgl-constants-1.1.1.tgz 112ms (cache miss)
548 http fetch GET 200 https://registry.npmjs.org/draco3d/-/draco3d-1.5.7.tgz 119ms (cache miss)
549 http fetch GET 200 https://registry.npmjs.org/bidi-js/-/bidi-js-1.0.3.tgz 122ms (cache miss)
550 http fetch GET 200 https://registry.npmjs.org/troika-three-utils/-/troika-three-utils-0.52.4.tgz 125ms (cache miss)
551 http fetch GET 200 https://registry.npmjs.org/potpack/-/potpack-1.0.2.tgz 141ms (cache miss)
552 http fetch GET 200 https://registry.npmjs.org/@types/draco3d/-/draco3d-1.4.10.tgz 141ms (cache miss)
553 http fetch GET 200 https://registry.npmjs.org/lie/-/lie-3.3.0.tgz 153ms (cache miss)
554 http fetch GET 200 https://registry.npmjs.org/fflate/-/fflate-0.8.2.tgz 154ms (cache miss)
555 http fetch GET 200 https://registry.npmjs.org/react-use-measure/-/react-use-measure-2.1.7.tgz 164ms (cache miss)
556 http fetch GET 200 https://registry.npmjs.org/its-fine/-/its-fine-2.0.0.tgz 170ms (cache miss)
557 http fetch GET 200 https://registry.npmjs.org/buffer/-/buffer-6.0.3.tgz 182ms (cache miss)
558 http fetch GET 200 https://registry.npmjs.org/utility-types/-/utility-types-3.11.0.tgz 194ms (cache miss)
559 http fetch GET 200 https://registry.npmjs.org/promise-worker-transferable/-/promise-worker-transferable-1.0.4.tgz 198ms (cache miss)
560 http fetch GET 200 https://registry.npmjs.org/zustand/-/zustand-5.0.9.tgz 200ms (cache miss)
561 http fetch GET 200 https://registry.npmjs.org/use-sync-external-store/-/use-sync-external-store-1.6.0.tgz 207ms (cache miss)
562 http fetch GET 200 https://registry.npmjs.org/meshoptimizer/-/meshoptimizer-0.22.0.tgz 217ms (cache miss)
563 http fetch GET 200 https://registry.npmjs.org/suspend-react/-/suspend-react-0.1.3.tgz 257ms (cache miss)
564 http fetch GET 200 https://registry.npmjs.org/stats.js/-/stats.js-0.17.0.tgz 265ms (cache miss)
565 http fetch GET 200 https://registry.npmjs.org/three-mesh-bvh/-/three-mesh-bvh-0.8.3.tgz 300ms (cache miss)
566 http fetch GET 200 https://registry.npmjs.org/troika-three-text/-/troika-three-text-0.52.4.tgz 301ms (cache miss)
567 http fetch GET 200 https://registry.npmjs.org/stats-gl/-/stats-gl-2.4.2.tgz 315ms (cache miss)
568 http fetch GET 200 https://registry.npmjs.org/meshline/-/meshline-3.3.1.tgz 336ms (cache miss)
569 http fetch GET 200 https://registry.npmjs.org/@types/offscreencanvas/-/offscreencanvas-2019.7.3.tgz 345ms (cache miss)
570 http fetch GET 200 https://registry.npmjs.org/tunnel-rat/-/tunnel-rat-0.1.2.tgz 344ms (cache miss)
571 http fetch GET 200 https://registry.npmjs.org/@types/react-reconciler/-/react-reconciler-0.28.9.tgz 353ms (cache miss)
572 http fetch GET 200 https://registry.npmjs.org/glsl-noise/-/glsl-noise-0.0.0.tgz 357ms (cache miss)
573 http fetch GET 200 https://registry.npmjs.org/@types/stats.js/-/stats.js-0.17.4.tgz 360ms (cache miss)
574 http fetch GET 200 https://registry.npmjs.org/base64-js/-/base64-js-1.5.1.tgz 400ms (cache miss)
575 http fetch GET 200 https://registry.npmjs.org/ieee754/-/ieee754-1.2.1.tgz 405ms (cache miss)
576 http fetch GET 200 https://registry.npmjs.org/@types/webxr/-/webxr-0.5.24.tgz 412ms (cache miss)
577 http fetch GET 200 https://registry.npmjs.org/cross-env/-/cross-env-7.0.3.tgz 416ms (cache miss)
578 http fetch POST 200 https://registry.npmjs.org/-/npm/v1/security/advisories/bulk 445ms
579 silly audit report {}
580 http fetch GET 200 https://registry.npmjs.org/detect-gpu/-/detect-gpu-5.0.70.tgz 480ms (cache miss)
581 http fetch GET 200 https://registry.npmjs.org/camera-controls/-/camera-controls-3.1.2.tgz 542ms (cache miss)
582 http fetch GET 200 https://registry.npmjs.org/@use-gesture/core/-/core-10.3.1.tgz 552ms (cache miss)
583 http fetch GET 200 https://registry.npmjs.org/maath/-/maath-0.10.8.tgz 691ms (cache miss)
584 http fetch GET 200 https://registry.npmjs.org/@babel/runtime/-/runtime-7.28.4.tgz 730ms (cache miss)
585 http fetch GET 200 https://registry.npmjs.org/@use-gesture/react/-/react-10.3.1.tgz 764ms (cache miss)
586 http fetch GET 200 https://registry.npmjs.org/zustand/-/zustand-4.5.7.tgz 804ms (cache miss)
587 http fetch GET 200 https://registry.npmjs.org/@monogrid/gainmap-js/-/gainmap-js-3.4.0.tgz 903ms (cache miss)
588 http fetch GET 200 https://registry.npmjs.org/fflate/-/fflate-0.6.10.tgz 970ms (cache miss)
589 http fetch GET 200 https://registry.npmjs.org/@webgpu/types/-/types-0.1.68.tgz 1076ms (cache miss)
590 http fetch GET 200 https://registry.npmjs.org/@tweenjs/tween.js/-/tween.js-23.1.3.tgz 1098ms (cache miss)
591 http fetch GET 200 https://registry.npmjs.org/@react-three/fiber/-/fiber-9.5.0.tgz 1273ms (cache miss)
592 http fetch GET 200 https://registry.npmjs.org/@react-three/drei/-/drei-10.7.7.tgz 1357ms (cache miss)
593 http fetch GET 200 https://registry.npmjs.org/@dimforge/rapier3d-compat/-/rapier3d-compat-0.12.0.tgz 1825ms (cache miss)
594 http fetch GET 200 https://registry.npmjs.org/@types/three/-/three-0.182.0.tgz 2390ms (cache miss)
595 http fetch GET 200 https://registry.npmjs.org/three-stdlib/-/three-stdlib-2.36.1.tgz 2991ms (cache miss)
596 http fetch GET 200 https://registry.npmjs.org/hls.js/-/hls.js-1.6.15.tgz 3609ms (cache miss)
597 http fetch GET 200 https://registry.npmjs.org/three/-/three-0.170.0.tgz 3803ms (cache miss)
598 http fetch GET 200 https://registry.npmjs.org/@mediapipe/tasks-vision/-/tasks-vision-0.10.17.tgz 3980ms (cache miss)
599 http fetch GET 200 https://registry.npmjs.org/three/-/three-0.182.0.tgz 4167ms (cache miss)
600 silly ADD node_modules/require-from-string
601 silly ADD node_modules/webgl-sdf-generator
602 silly ADD node_modules/troika-worker-utils
603 silly ADD node_modules/troika-three-utils
604 silly ADD node_modules/bidi-js
605 silly ADD node_modules/potpack
606 silly ADD node_modules/draco3d
607 silly ADD node_modules/@types/offscreencanvas
608 silly ADD node_modules/@types/draco3d
609 silly ADD node_modules/immediate
610 silly ADD node_modules/lie
611 silly ADD node_modules/is-promise
612 silly ADD node_modules/@types/react-reconciler
613 silly ADD node_modules/webgl-constants
614 silly ADD node_modules/ieee754
615 silly ADD node_modules/@use-gesture/core
616 silly ADD node_modules/meshoptimizer
617 silly ADD node_modules/fflate
618 silly ADD node_modules/@webgpu/types
619 silly ADD node_modules/@types/stats.js
620 silly ADD node_modules/@tweenjs/tween.js
621 silly ADD node_modules/@dimforge/rapier3d-compat
622 silly ADD node_modules/react-use-measure
623 silly ADD node_modules/its-fine
624 silly ADD node_modules/buffer
625 silly ADD node_modules/base64-js
626 silly ADD node_modules/@types/webxr
627 silly ADD node_modules/promise-worker-transferable
628 silly ADD node_modules/zustand
629 silly ADD node_modules/utility-types
630 silly ADD node_modules/use-sync-external-store
631 silly ADD node_modules/tunnel-rat
632 silly ADD node_modules/tunnel-rat/node_modules/zustand
633 silly ADD node_modules/troika-three-text
634 silly ADD node_modules/three-stdlib
635 silly ADD node_modules/three-stdlib/node_modules/fflate
636 silly ADD node_modules/three-mesh-bvh
637 silly ADD node_modules/suspend-react
638 silly ADD node_modules/stats.js
639 silly ADD node_modules/stats-gl
640 silly ADD node_modules/stats-gl/node_modules/three
641 silly ADD node_modules/meshline
642 silly ADD node_modules/maath
643 silly ADD node_modules/hls.js
644 silly ADD node_modules/glsl-noise
645 silly ADD node_modules/detect-gpu
646 silly ADD node_modules/cross-env
647 silly ADD node_modules/camera-controls
648 silly ADD node_modules/@use-gesture/react
649 silly ADD node_modules/@monogrid/gainmap-js
650 silly ADD node_modules/@mediapipe/tasks-vision
651 silly ADD node_modules/@babel/runtime
652 silly ADD node_modules/three
653 silly ADD node_modules/@types/three
654 silly ADD node_modules/@react-three/fiber
655 silly ADD node_modules/@react-three/drei
656 verbose cwd /Users/derin/vibe-library
657 verbose os Darwin 25.1.0
658 verbose node v24.11.1
659 verbose npm  v11.6.2
660 notice
660 notice New [33mminor[39m version of npm available! [33m11.6.2[39m -> [34m11.7.0[39m
660 notice Changelog: [34mhttps://github.com/npm/cli/releases/tag/v11.7.0[39m
660 notice To update run: [4mnpm install -g npm@11.7.0[24m
660 notice  { force: true, Symbol(proc-log.meta): true }
661 verbose exit 0
662 info ok
